# JRE version: OpenJDK Runtime Environment (17.0.10) (build 17.0.10+0--11572160)
# Java VM: OpenJDK 64-Bit Server VM (17.0.10+0--11572160, mixed mode, tiered, compressed oops, compressed class ptrs, g1 gc, windows-amd64)
GC Precious Log:
 CPUs: 8 total, 8 available
 Memory: 8089M
 Large Page Support: Disabled
 NUMA Support: Disabled
 Compressed Oops: Enabled (32-bit)
 Heap Region Size: 1M
 Heap Min Capacity: 8M
 Heap Initial Capacity: 128M
 Heap Max Capacity: 2G
 Pre-touch: Disabled
 Parallel Workers: 8
 Concurrent Workers: 2
 Concurrent Refinement Workers: 8
 Periodic GC: Disabled
Heap:
 garbage-first heap   total 396288K, used 230077K [0x0000000080000000, 0x0000000100000000)
  region size 1024K, 2 young (2048K), 2 survivors (2048K)
 Metaspace       used 149566K, committed 150784K, reserved 1179648K
  class space    used 20212K, committed 20800K, reserved 1048576K
GC Heap History (20 events):
Event: 292.883 GC heap after
{Heap after GC invocations=89 (full 0):
 garbage-first heap   total 322560K, used 196899K [0x0000000080000000, 0x0000000100000000)
  region size 1024K, 2 young (2048K), 2 survivors (2048K)
 Metaspace       used 129852K, committed 130944K, reserved 1179648K
  class space    used 17159K, committed 17664K, reserved 1048576K
}
Event: 293.983 GC heap before
{Heap before GC invocations=89 (full 0):
 garbage-first heap   total 322560K, used 270627K [0x0000000080000000, 0x0000000100000000)
  region size 1024K, 75 young (76800K), 2 survivors (2048K)
 Metaspace       used 131997K, committed 133056K, reserved 1179648K
  class space    used 17492K, committed 17984K, reserved 1048576K
}
Event: 293.996 GC heap after
{Heap after GC invocations=90 (full 0):
 garbage-first heap   total 322560K, used 205351K [0x0000000080000000, 0x0000000100000000)
  region size 1024K, 10 young (10240K), 10 survivors (10240K)
 Metaspace       used 131997K, committed 133056K, reserved 1179648K
  class space    used 17492K, committed 17984K, reserved 1048576K
}
Event: 294.892 GC heap before
{Heap before GC invocations=90 (full 0):
 garbage-first heap   total 322560K, used 268839K [0x0000000080000000, 0x0000000100000000)
  region size 1024K, 73 young (74752K), 10 survivors (10240K)
 Metaspace       used 132201K, committed 133248K, reserved 1179648K
  class space    used 17517K, committed 17984K, reserved 1048576K
}
Event: 294.907 GC heap after
{Heap after GC invocations=91 (full 0):
 garbage-first heap   total 322560K, used 208182K [0x0000000080000000, 0x0000000100000000)
  region size 1024K, 5 young (5120K), 5 survivors (5120K)
 Metaspace       used 132201K, committed 133248K, reserved 1179648K
  class space    used 17517K, committed 17984K, reserved 1048576K
}
Event: 295.634 GC heap before
{Heap before GC invocations=92 (full 0):
 garbage-first heap   total 372736K, used 266550K [0x0000000080000000, 0x0000000100000000)
  region size 1024K, 63 young (64512K), 5 survivors (5120K)
 Metaspace       used 132367K, committed 133440K, reserved 1179648K
  class space    used 17543K, committed 18048K, reserved 1048576K
}
Event: 295.642 GC heap after
{Heap after GC invocations=93 (full 0):
 garbage-first heap   total 372736K, used 210300K [0x0000000080000000, 0x0000000100000000)
  region size 1024K, 5 young (5120K), 5 survivors (5120K)
 Metaspace       used 132367K, committed 133440K, reserved 1179648K
  class space    used 17543K, committed 18048K, reserved 1048576K
}
Event: 295.735 GC heap before
{Heap before GC invocations=93 (full 0):
 garbage-first heap   total 372736K, used 222588K [0x0000000080000000, 0x0000000100000000)
  region size 1024K, 18 young (18432K), 5 survivors (5120K)
 Metaspace       used 132406K, committed 133440K, reserved 1179648K
  class space    used 17547K, committed 18048K, reserved 1048576K
}
Event: 295.741 GC heap after
{Heap after GC invocations=94 (full 0):
 garbage-first heap   total 372736K, used 203053K [0x0000000080000000, 0x0000000100000000)
  region size 1024K, 3 young (3072K), 3 survivors (3072K)
 Metaspace       used 132406K, committed 133440K, reserved 1179648K
  class space    used 17547K, committed 18048K, reserved 1048576K
}
Event: 296.472 GC heap before
{Heap before GC invocations=94 (full 0):
 garbage-first heap   total 372736K, used 308525K [0x0000000080000000, 0x0000000100000000)
  region size 1024K, 107 young (109568K), 3 survivors (3072K)
 Metaspace       used 132751K, committed 133824K, reserved 1179648K
  class space    used 17596K, committed 18112K, reserved 1048576K
}
Event: 296.480 GC heap after
{Heap after GC invocations=95 (full 0):
 garbage-first heap   total 372736K, used 206125K [0x0000000080000000, 0x0000000100000000)
  region size 1024K, 6 young (6144K), 6 survivors (6144K)
 Metaspace       used 132751K, committed 133824K, reserved 1179648K
  class space    used 17596K, committed 18112K, reserved 1048576K
}
Event: 353.620 GC heap before
{Heap before GC invocations=96 (full 0):
 garbage-first heap   total 372736K, used 311597K [0x0000000080000000, 0x0000000100000000)
  region size 1024K, 110 young (112640K), 6 survivors (6144K)
 Metaspace       used 137760K, committed 138880K, reserved 1179648K
  class space    used 18708K, committed 19264K, reserved 1048576K
}
Event: 353.628 GC heap after
{Heap after GC invocations=97 (full 0):
 garbage-first heap   total 372736K, used 211373K [0x0000000080000000, 0x0000000100000000)
  region size 1024K, 12 young (12288K), 12 survivors (12288K)
 Metaspace       used 137760K, committed 138880K, reserved 1179648K
  class space    used 18708K, committed 19264K, reserved 1048576K
}
Event: 353.709 GC heap before
{Heap before GC invocations=97 (full 0):
 garbage-first heap   total 372736K, used 217517K [0x0000000080000000, 0x0000000100000000)
  region size 1024K, 18 young (18432K), 12 survivors (12288K)
 Metaspace       used 138592K, committed 139712K, reserved 1179648K
  class space    used 18810K, committed 19328K, reserved 1048576K
}
Event: 353.718 GC heap after
{Heap after GC invocations=98 (full 0):
 garbage-first heap   total 372736K, used 208349K [0x0000000080000000, 0x0000000100000000)
  region size 1024K, 2 young (2048K), 2 survivors (2048K)
 Metaspace       used 138592K, committed 139712K, reserved 1179648K
  class space    used 18810K, committed 19328K, reserved 1048576K
}
Event: 354.551 GC heap before
{Heap before GC invocations=98 (full 0):
 garbage-first heap   total 372736K, used 269789K [0x0000000080000000, 0x0000000100000000)
  region size 1024K, 63 young (64512K), 2 survivors (2048K)
 Metaspace       used 147684K, committed 148928K, reserved 1179648K
  class space    used 19987K, committed 20608K, reserved 1048576K
}
Event: 354.556 GC heap after
{Heap after GC invocations=99 (full 0):
 garbage-first heap   total 372736K, used 208860K [0x0000000080000000, 0x0000000100000000)
  region size 1024K, 3 young (3072K), 3 survivors (3072K)
 Metaspace       used 147684K, committed 148928K, reserved 1179648K
  class space    used 19987K, committed 20608K, reserved 1048576K
}
Event: 355.503 GC heap before
{Heap before GC invocations=100 (full 0):
 garbage-first heap   total 396288K, used 318428K [0x0000000080000000, 0x0000000100000000)
  region size 1024K, 104 young (106496K), 3 survivors (3072K)
 Metaspace       used 148767K, committed 150016K, reserved 1179648K
  class space    used 20115K, committed 20736K, reserved 1048576K
}
Event: 355.525 GC heap after
{Heap after GC invocations=101 (full 0):
 garbage-first heap   total 396288K, used 234935K [0x0000000080000000, 0x0000000100000000)
  region size 1024K, 13 young (13312K), 13 survivors (13312K)
 Metaspace       used 148767K, committed 150016K, reserved 1179648K
  class space    used 20115K, committed 20736K, reserved 1048576K
}
Event: 355.636 GC heap before
{Heap before GC invocations=101 (full 0):
 garbage-first heap   total 396288K, used 240055K [0x0000000080000000, 0x0000000100000000)
  region size 1024K, 19 young (19456K), 13 survivors (13312K)
 Metaspace       used 149566K, committed 150784K, reserved 1179648K
  class space    used 20212K, committed 20800K, reserved 1048576K
}

