# JRE version: OpenJDK Runtime Environment (17.0.10) (build 17.0.10+0--11572160)
# Java VM: OpenJDK 64-Bit Server VM (17.0.10+0--11572160, mixed mode, tiered, compressed oops, compressed class ptrs, g1 gc, windows-amd64)
GC Precious Log:
 CPUs: 8 total, 8 available
 Memory: 8089M
 Large Page Support: Disabled
 NUMA Support: Disabled
 Compressed Oops: Enabled (32-bit)
 Heap Region Size: 1M
 Heap Min Capacity: 8M
 Heap Initial Capacity: 128M
 Heap Max Capacity: 2G
 Pre-touch: Disabled
 Parallel Workers: 8
 Concurrent Workers: 2
 Concurrent Refinement Workers: 8
 Periodic GC: Disabled
Heap:
 garbage-first heap   total 414720K, used 293207K [0x0000000080000000, 0x0000000100000000)
  region size 1024K, 4 young (4096K), 4 survivors (4096K)
 Metaspace       used 131685K, committed 132608K, reserved 1179648K
  class space    used 17835K, committed 18304K, reserved 1048576K
GC Heap History (20 events):
Event: 27.068 GC heap after
{Heap after GC invocations=61 (full 0):
 garbage-first heap   total 346112K, used 209562K [0x0000000080000000, 0x0000000100000000)
  region size 1024K, 7 young (7168K), 7 survivors (7168K)
 Metaspace       used 121928K, committed 122816K, reserved 1179648K
  class space    used 16286K, committed 16704K, reserved 1048576K
}
Event: 27.725 GC heap before
{Heap before GC invocations=61 (full 0):
 garbage-first heap   total 346112K, used 289434K [0x0000000080000000, 0x0000000100000000)
  region size 1024K, 86 young (88064K), 7 survivors (7168K)
 Metaspace       used 122553K, committed 123520K, reserved 1179648K
  class space    used 16382K, committed 16896K, reserved 1048576K
}
Event: 27.734 GC heap after
{Heap after GC invocations=62 (full 0):
 garbage-first heap   total 346112K, used 212278K [0x0000000080000000, 0x0000000100000000)
  region size 1024K, 5 young (5120K), 5 survivors (5120K)
 Metaspace       used 122553K, committed 123520K, reserved 1179648K
  class space    used 16382K, committed 16896K, reserved 1048576K
}
Event: 28.968 GC heap before
{Heap before GC invocations=62 (full 0):
 garbage-first heap   total 346112K, used 306486K [0x0000000080000000, 0x0000000100000000)
  region size 1024K, 72 young (73728K), 5 survivors (5120K)
 Metaspace       used 126159K, committed 127104K, reserved 1179648K
  class space    used 16906K, committed 17408K, reserved 1048576K
}
Event: 28.975 GC heap after
{Heap after GC invocations=63 (full 0):
 garbage-first heap   total 346112K, used 244389K [0x0000000080000000, 0x0000000100000000)
  region size 1024K, 11 young (11264K), 11 survivors (11264K)
 Metaspace       used 126159K, committed 127104K, reserved 1179648K
  class space    used 16906K, committed 17408K, reserved 1048576K
}
Event: 29.297 GC heap before
{Heap before GC invocations=63 (full 0):
 garbage-first heap   total 346112K, used 318117K [0x0000000080000000, 0x0000000100000000)
  region size 1024K, 58 young (59392K), 11 survivors (11264K)
 Metaspace       used 126440K, committed 127360K, reserved 1179648K
  class space    used 16948K, committed 17408K, reserved 1048576K
}
Event: 29.317 GC heap after
{Heap after GC invocations=64 (full 0):
 garbage-first heap   total 348160K, used 271589K [0x0000000080000000, 0x0000000100000000)
  region size 1024K, 8 young (8192K), 8 survivors (8192K)
 Metaspace       used 126440K, committed 127360K, reserved 1179648K
  class space    used 16948K, committed 17408K, reserved 1048576K
}
Event: 29.484 GC heap before
{Heap before GC invocations=64 (full 0):
 garbage-first heap   total 348160K, used 296165K [0x0000000080000000, 0x0000000100000000)
  region size 1024K, 32 young (32768K), 8 survivors (8192K)
 Metaspace       used 126440K, committed 127360K, reserved 1179648K
  class space    used 16948K, committed 17408K, reserved 1048576K
}
Event: 29.505 GC heap after
{Heap after GC invocations=65 (full 0):
 garbage-first heap   total 348160K, used 282560K [0x0000000080000000, 0x0000000100000000)
  region size 1024K, 4 young (4096K), 4 survivors (4096K)
 Metaspace       used 126440K, committed 127360K, reserved 1179648K
  class space    used 16948K, committed 17408K, reserved 1048576K
}
Event: 29.806 GC heap before
{Heap before GC invocations=65 (full 0):
 garbage-first heap   total 414720K, used 252864K [0x0000000080000000, 0x0000000100000000)
  region size 1024K, 20 young (20480K), 4 survivors (4096K)
 Metaspace       used 128022K, committed 128960K, reserved 1179648K
  class space    used 17367K, committed 17856K, reserved 1048576K
}
Event: 29.817 GC heap after
{Heap after GC invocations=66 (full 0):
 garbage-first heap   total 414720K, used 240719K [0x0000000080000000, 0x0000000100000000)
  region size 1024K, 3 young (3072K), 3 survivors (3072K)
 Metaspace       used 128022K, committed 128960K, reserved 1179648K
  class space    used 17367K, committed 17856K, reserved 1048576K
}
Event: 30.244 GC heap before
{Heap before GC invocations=67 (full 0):
 garbage-first heap   total 414720K, used 316495K [0x0000000080000000, 0x0000000100000000)
  region size 1024K, 78 young (79872K), 3 survivors (3072K)
 Metaspace       used 129328K, committed 130240K, reserved 1179648K
  class space    used 17541K, committed 17984K, reserved 1048576K
}
Event: 30.281 GC heap after
{Heap after GC invocations=68 (full 0):
 garbage-first heap   total 414720K, used 269906K [0x0000000080000000, 0x0000000100000000)
  region size 1024K, 10 young (10240K), 10 survivors (10240K)
 Metaspace       used 129328K, committed 130240K, reserved 1179648K
  class space    used 17541K, committed 17984K, reserved 1048576K
}
Event: 30.313 GC heap before
{Heap before GC invocations=68 (full 0):
 garbage-first heap   total 414720K, used 279122K [0x0000000080000000, 0x0000000100000000)
  region size 1024K, 20 young (20480K), 10 survivors (10240K)
 Metaspace       used 129345K, committed 130240K, reserved 1179648K
  class space    used 17541K, committed 17984K, reserved 1048576K
}
Event: 30.335 GC heap after
{Heap after GC invocations=69 (full 0):
 garbage-first heap   total 414720K, used 241664K [0x0000000080000000, 0x0000000100000000)
  region size 1024K, 3 young (3072K), 3 survivors (3072K)
 Metaspace       used 129345K, committed 130240K, reserved 1179648K
  class space    used 17541K, committed 17984K, reserved 1048576K
}
Event: 30.605 GC heap before
{Heap before GC invocations=69 (full 0):
 garbage-first heap   total 414720K, used 312320K [0x0000000080000000, 0x0000000100000000)
  region size 1024K, 73 young (74752K), 3 survivors (3072K)
 Metaspace       used 129449K, committed 130432K, reserved 1179648K
  class space    used 17550K, committed 18048K, reserved 1048576K
}
Event: 30.643 GC heap after
{Heap after GC invocations=70 (full 0):
 garbage-first heap   total 414720K, used 274762K [0x0000000080000000, 0x0000000100000000)
  region size 1024K, 10 young (10240K), 10 survivors (10240K)
 Metaspace       used 129449K, committed 130432K, reserved 1179648K
  class space    used 17550K, committed 18048K, reserved 1048576K
}
Event: 30.974 GC heap before
{Heap before GC invocations=70 (full 0):
 garbage-first heap   total 414720K, used 322890K [0x0000000080000000, 0x0000000100000000)
  region size 1024K, 58 young (59392K), 10 survivors (10240K)
 Metaspace       used 129645K, committed 130560K, reserved 1179648K
  class space    used 17581K, committed 18048K, reserved 1048576K
}
Event: 31.000 GC heap after
{Heap after GC invocations=71 (full 0):
 garbage-first heap   total 414720K, used 287744K [0x0000000080000000, 0x0000000100000000)
  region size 1024K, 8 young (8192K), 8 survivors (8192K)
 Metaspace       used 129645K, committed 130560K, reserved 1179648K
  class space    used 17581K, committed 18048K, reserved 1048576K
}
Event: 31.331 GC heap before
{Heap before GC invocations=71 (full 0):
 garbage-first heap   total 414720K, used 331776K [0x0000000080000000, 0x0000000100000000)
  region size 1024K, 52 young (53248K), 8 survivors (8192K)
 Metaspace       used 131685K, committed 132608K, reserved 1179648K
  class space    used 17835K, committed 18304K, reserved 1048576K
}

