# JRE version: OpenJDK Runtime Environment (17.0.10) (build 17.0.10+0--11572160)
# Java VM: OpenJDK 64-Bit Server VM (17.0.10+0--11572160, mixed mode, tiered, compressed oops, compressed class ptrs, g1 gc, windows-amd64)
GC Precious Log:
 CPUs: 8 total, 8 available
 Memory: 8089M
 Large Page Support: Disabled
 NUMA Support: Disabled
 Compressed Oops: Enabled (32-bit)
 Heap Region Size: 1M
 Heap Min Capacity: 8M
 Heap Initial Capacity: 128M
 Heap Max Capacity: 2G
 Pre-touch: Disabled
 Parallel Workers: 8
 Concurrent Workers: 2
 Concurrent Refinement Workers: 8
 Periodic GC: Disabled
Heap:
 garbage-first heap   total 265216K, used 186812K [0x0000000080000000, 0x0000000100000000)
  region size 1024K, 6 young (6144K), 6 survivors (6144K)
 Metaspace       used 142613K, committed 143616K, reserved 1179648K
  class space    used 19893K, committed 20416K, reserved 1048576K
GC Heap History (20 events):
Event: 17.143 GC heap after
{Heap after GC invocations=50 (full 0):
 garbage-first heap   total 244736K, used 121382K [0x0000000080000000, 0x0000000100000000)
  region size 1024K, 5 young (5120K), 5 survivors (5120K)
 Metaspace       used 110355K, committed 111168K, reserved 1179648K
  class space    used 15190K, committed 15616K, reserved 1048576K
}
Event: 28.110 GC heap before
{Heap before GC invocations=50 (full 0):
 garbage-first heap   total 244736K, used 202278K [0x0000000080000000, 0x0000000100000000)
  region size 1024K, 85 young (87040K), 5 survivors (5120K)
 Metaspace       used 113545K, committed 114432K, reserved 1179648K
  class space    used 15675K, committed 16128K, reserved 1048576K
}
Event: 28.123 GC heap after
{Heap after GC invocations=51 (full 0):
 garbage-first heap   total 244736K, used 128000K [0x0000000080000000, 0x0000000100000000)
  region size 1024K, 11 young (11264K), 11 survivors (11264K)
 Metaspace       used 113545K, committed 114432K, reserved 1179648K
  class space    used 15675K, committed 16128K, reserved 1048576K
}
Event: 29.167 GC heap before
{Heap before GC invocations=51 (full 0):
 garbage-first heap   total 244736K, used 199679K [0x0000000080000000, 0x0000000100000000)
  region size 1024K, 82 young (83968K), 11 survivors (11264K)
 Metaspace       used 122561K, committed 123520K, reserved 1179648K
  class space    used 17154K, committed 17600K, reserved 1048576K
}
Event: 29.176 GC heap after
{Heap after GC invocations=52 (full 0):
 garbage-first heap   total 244736K, used 131304K [0x0000000080000000, 0x0000000100000000)
  region size 1024K, 4 young (4096K), 4 survivors (4096K)
 Metaspace       used 122561K, committed 123520K, reserved 1179648K
  class space    used 17154K, committed 17600K, reserved 1048576K
}
Event: 29.977 GC heap before
{Heap before GC invocations=52 (full 0):
 garbage-first heap   total 244736K, used 201960K [0x0000000080000000, 0x0000000100000000)
  region size 1024K, 74 young (75776K), 4 survivors (4096K)
 Metaspace       used 129420K, committed 130368K, reserved 1179648K
  class space    used 18359K, committed 18816K, reserved 1048576K
}
Event: 29.982 GC heap after
{Heap after GC invocations=53 (full 0):
 garbage-first heap   total 244736K, used 131256K [0x0000000080000000, 0x0000000100000000)
  region size 1024K, 4 young (4096K), 4 survivors (4096K)
 Metaspace       used 129420K, committed 130368K, reserved 1179648K
  class space    used 18359K, committed 18816K, reserved 1048576K
}
Event: 30.954 GC heap before
{Heap before GC invocations=53 (full 0):
 garbage-first heap   total 244736K, used 188600K [0x0000000080000000, 0x0000000100000000)
  region size 1024K, 44 young (45056K), 4 survivors (4096K)
 Metaspace       used 132603K, committed 133568K, reserved 1179648K
  class space    used 18878K, committed 19328K, reserved 1048576K
}
Event: 30.963 GC heap after
{Heap after GC invocations=54 (full 0):
 garbage-first heap   total 244736K, used 152421K [0x0000000080000000, 0x0000000100000000)
  region size 1024K, 7 young (7168K), 7 survivors (7168K)
 Metaspace       used 132603K, committed 133568K, reserved 1179648K
  class space    used 18878K, committed 19328K, reserved 1048576K
}
Event: 272.493 GC heap before
{Heap before GC invocations=55 (full 0):
 garbage-first heap   total 263168K, used 204645K [0x0000000080000000, 0x0000000100000000)
  region size 1024K, 58 young (59392K), 7 survivors (7168K)
 Metaspace       used 137913K, committed 138944K, reserved 1179648K
  class space    used 19403K, committed 19904K, reserved 1048576K
}
Event: 272.500 GC heap after
{Heap after GC invocations=56 (full 0):
 garbage-first heap   total 263168K, used 134704K [0x0000000080000000, 0x0000000100000000)
  region size 1024K, 5 young (5120K), 5 survivors (5120K)
 Metaspace       used 137913K, committed 138944K, reserved 1179648K
  class space    used 19403K, committed 19904K, reserved 1048576K
}
Event: 272.511 GC heap before
{Heap before GC invocations=56 (full 0):
 garbage-first heap   total 263168K, used 141872K [0x0000000080000000, 0x0000000100000000)
  region size 1024K, 12 young (12288K), 5 survivors (5120K)
 Metaspace       used 137913K, committed 138944K, reserved 1179648K
  class space    used 19403K, committed 19904K, reserved 1048576K
}
Event: 272.517 GC heap after
{Heap after GC invocations=57 (full 0):
 garbage-first heap   total 263168K, used 132937K [0x0000000080000000, 0x0000000100000000)
  region size 1024K, 1 young (1024K), 1 survivors (1024K)
 Metaspace       used 137913K, committed 138944K, reserved 1179648K
  class space    used 19403K, committed 19904K, reserved 1048576K
}
Event: 273.721 GC heap before
{Heap before GC invocations=57 (full 0):
 garbage-first heap   total 263168K, used 207689K [0x0000000080000000, 0x0000000100000000)
  region size 1024K, 76 young (77824K), 1 survivors (1024K)
 Metaspace       used 138700K, committed 139712K, reserved 1179648K
  class space    used 19437K, committed 19904K, reserved 1048576K
}
Event: 273.731 GC heap after
{Heap after GC invocations=58 (full 0):
 garbage-first heap   total 263168K, used 142135K [0x0000000080000000, 0x0000000100000000)
  region size 1024K, 10 young (10240K), 10 survivors (10240K)
 Metaspace       used 138700K, committed 139712K, reserved 1179648K
  class space    used 19437K, committed 19904K, reserved 1048576K
}
Event: 274.539 GC heap before
{Heap before GC invocations=59 (full 0):
 garbage-first heap   total 263168K, used 220983K [0x0000000080000000, 0x0000000100000000)
  region size 1024K, 84 young (86016K), 10 survivors (10240K)
 Metaspace       used 140405K, committed 141376K, reserved 1179648K
  class space    used 19616K, committed 20096K, reserved 1048576K
}
Event: 274.564 GC heap after
{Heap after GC invocations=60 (full 0):
 garbage-first heap   total 265216K, used 175974K [0x0000000080000000, 0x0000000100000000)
  region size 1024K, 11 young (11264K), 11 survivors (11264K)
 Metaspace       used 140405K, committed 141376K, reserved 1179648K
  class space    used 19616K, committed 20096K, reserved 1048576K
}
Event: 274.579 GC heap before
{Heap before GC invocations=60 (full 0):
 garbage-first heap   total 265216K, used 176998K [0x0000000080000000, 0x0000000100000000)
  region size 1024K, 12 young (12288K), 11 survivors (11264K)
 Metaspace       used 140405K, committed 141376K, reserved 1179648K
  class space    used 19616K, committed 20096K, reserved 1048576K
}
Event: 274.593 GC heap after
{Heap after GC invocations=61 (full 0):
 garbage-first heap   total 265216K, used 172278K [0x0000000080000000, 0x0000000100000000)
  region size 1024K, 2 young (2048K), 2 survivors (2048K)
 Metaspace       used 140405K, committed 141376K, reserved 1179648K
  class space    used 19616K, committed 20096K, reserved 1048576K
}
Event: 274.950 GC heap before
{Heap before GC invocations=61 (full 0):
 garbage-first heap   total 265216K, used 202998K [0x0000000080000000, 0x0000000100000000)
  region size 1024K, 33 young (33792K), 2 survivors (2048K)
 Metaspace       used 142613K, committed 143616K, reserved 1179648K
  class space    used 19893K, committed 20416K, reserved 1048576K
}

