# JRE version: OpenJDK Runtime Environment (17.0.10) (build 17.0.10+0--11572160)
# Java VM: OpenJDK 64-Bit Server VM (17.0.10+0--11572160, mixed mode, tiered, compressed oops, compressed class ptrs, g1 gc, windows-amd64)
GC Precious Log:
 CPUs: 8 total, 8 available
 Memory: 8089M
 Large Page Support: Disabled
 NUMA Support: Disabled
 Compressed Oops: Enabled (32-bit)
 Heap Region Size: 1M
 Heap Min Capacity: 8M
 Heap Initial Capacity: 128M
 Heap Max Capacity: 2G
 Pre-touch: Disabled
 Parallel Workers: 8
 Concurrent Workers: 2
 Concurrent Refinement Workers: 8
 Periodic GC: Disabled
Heap:
 garbage-first heap   total 266240K, used 169873K [0x0000000080000000, 0x0000000100000000)
  region size 1024K, 8 young (8192K), 8 survivors (8192K)
 Metaspace       used 123622K, committed 124416K, reserved 1179648K
  class space    used 17019K, committed 17408K, reserved 1048576K
GC Heap History (20 events):
Event: 12.059 GC heap after
{Heap after GC invocations=35 (full 0):
 garbage-first heap   total 266240K, used 93924K [0x0000000080000000, 0x0000000100000000)
  region size 1024K, 13 young (13312K), 13 survivors (13312K)
 Metaspace       used 93796K, committed 94528K, reserved 1179648K
  class space    used 12982K, committed 13312K, reserved 1048576K
}
Event: 13.290 GC heap before
{Heap before GC invocations=35 (full 0):
 garbage-first heap   total 266240K, used 212708K [0x0000000080000000, 0x0000000100000000)
  region size 1024K, 130 young (133120K), 13 survivors (13312K)
 Metaspace       used 102548K, committed 103296K, reserved 1179648K
  class space    used 14164K, committed 14528K, reserved 1048576K
}
Event: 13.304 GC heap after
{Heap after GC invocations=36 (full 0):
 garbage-first heap   total 266240K, used 103327K [0x0000000080000000, 0x0000000100000000)
  region size 1024K, 15 young (15360K), 15 survivors (15360K)
 Metaspace       used 102548K, committed 103296K, reserved 1179648K
  class space    used 14164K, committed 14528K, reserved 1048576K
}
Event: 14.537 GC heap before
{Heap before GC invocations=36 (full 0):
 garbage-first heap   total 266240K, used 219039K [0x0000000080000000, 0x0000000100000000)
  region size 1024K, 124 young (126976K), 15 survivors (15360K)
 Metaspace       used 105566K, committed 106368K, reserved 1179648K
  class space    used 14548K, committed 14912K, reserved 1048576K
}
Event: 14.552 GC heap after
{Heap after GC invocations=37 (full 0):
 garbage-first heap   total 266240K, used 110664K [0x0000000080000000, 0x0000000100000000)
  region size 1024K, 8 young (8192K), 8 survivors (8192K)
 Metaspace       used 105566K, committed 106368K, reserved 1179648K
  class space    used 14548K, committed 14912K, reserved 1048576K
}
Event: 15.934 GC heap before
{Heap before GC invocations=37 (full 0):
 garbage-first heap   total 266240K, used 234568K [0x0000000080000000, 0x0000000100000000)
  region size 1024K, 111 young (113664K), 8 survivors (8192K)
 Metaspace       used 111272K, committed 112064K, reserved 1179648K
  class space    used 15251K, committed 15680K, reserved 1048576K
}
Event: 15.946 GC heap after
{Heap after GC invocations=38 (full 0):
 garbage-first heap   total 266240K, used 112880K [0x0000000080000000, 0x0000000100000000)
  region size 1024K, 10 young (10240K), 10 survivors (10240K)
 Metaspace       used 111272K, committed 112064K, reserved 1179648K
  class space    used 15251K, committed 15680K, reserved 1048576K
}
Event: 16.990 GC heap before
{Heap before GC invocations=38 (full 0):
 garbage-first heap   total 266240K, used 216304K [0x0000000080000000, 0x0000000100000000)
  region size 1024K, 112 young (114688K), 10 survivors (10240K)
 Metaspace       used 114495K, committed 115264K, reserved 1179648K
  class space    used 15621K, committed 16000K, reserved 1048576K
}
Event: 17.004 GC heap after
{Heap after GC invocations=39 (full 0):
 garbage-first heap   total 266240K, used 118015K [0x0000000080000000, 0x0000000100000000)
  region size 1024K, 10 young (10240K), 10 survivors (10240K)
 Metaspace       used 114495K, committed 115264K, reserved 1179648K
  class space    used 15621K, committed 16000K, reserved 1048576K
}
Event: 17.684 GC heap before
{Heap before GC invocations=39 (full 0):
 garbage-first heap   total 266240K, used 216319K [0x0000000080000000, 0x0000000100000000)
  region size 1024K, 107 young (109568K), 10 survivors (10240K)
 Metaspace       used 116003K, committed 116736K, reserved 1179648K
  class space    used 15835K, committed 16192K, reserved 1048576K
}
Event: 17.700 GC heap after
{Heap after GC invocations=40 (full 0):
 garbage-first heap   total 266240K, used 127076K [0x0000000080000000, 0x0000000100000000)
  region size 1024K, 14 young (14336K), 14 survivors (14336K)
 Metaspace       used 116003K, committed 116736K, reserved 1179648K
  class space    used 15835K, committed 16192K, reserved 1048576K
}
Event: 18.219 GC heap before
{Heap before GC invocations=40 (full 0):
 garbage-first heap   total 266240K, used 189540K [0x0000000080000000, 0x0000000100000000)
  region size 1024K, 77 young (78848K), 14 survivors (14336K)
 Metaspace       used 119794K, committed 120576K, reserved 1179648K
  class space    used 16425K, committed 16768K, reserved 1048576K
}
Event: 18.231 GC heap after
{Heap after GC invocations=41 (full 0):
 garbage-first heap   total 266240K, used 135074K [0x0000000080000000, 0x0000000100000000)
  region size 1024K, 8 young (8192K), 8 survivors (8192K)
 Metaspace       used 119794K, committed 120576K, reserved 1179648K
  class space    used 16425K, committed 16768K, reserved 1048576K
}
Event: 18.661 GC heap before
{Heap before GC invocations=42 (full 0):
 garbage-first heap   total 266240K, used 214946K [0x0000000080000000, 0x0000000100000000)
  region size 1024K, 86 young (88064K), 8 survivors (8192K)
 Metaspace       used 120813K, committed 121600K, reserved 1179648K
  class space    used 16582K, committed 16960K, reserved 1048576K
}
Event: 18.682 GC heap after
{Heap after GC invocations=43 (full 0):
 garbage-first heap   total 266240K, used 150853K [0x0000000080000000, 0x0000000100000000)
  region size 1024K, 11 young (11264K), 11 survivors (11264K)
 Metaspace       used 120813K, committed 121600K, reserved 1179648K
  class space    used 16582K, committed 16960K, reserved 1048576K
}
Event: 18.694 GC heap before
{Heap before GC invocations=43 (full 0):
 garbage-first heap   total 266240K, used 152901K [0x0000000080000000, 0x0000000100000000)
  region size 1024K, 13 young (13312K), 11 survivors (11264K)
 Metaspace       used 120860K, committed 121664K, reserved 1179648K
  class space    used 16593K, committed 16960K, reserved 1048576K
}
Event: 18.709 GC heap after
{Heap after GC invocations=44 (full 0):
 garbage-first heap   total 266240K, used 151616K [0x0000000080000000, 0x0000000100000000)
  region size 1024K, 2 young (2048K), 2 survivors (2048K)
 Metaspace       used 120860K, committed 121664K, reserved 1179648K
  class space    used 16593K, committed 16960K, reserved 1048576K
}
Event: 19.034 GC heap before
{Heap before GC invocations=44 (full 0):
 garbage-first heap   total 266240K, used 214080K [0x0000000080000000, 0x0000000100000000)
  region size 1024K, 63 young (64512K), 2 survivors (2048K)
 Metaspace       used 122691K, committed 123456K, reserved 1179648K
  class space    used 16919K, committed 17280K, reserved 1048576K
}
Event: 19.053 GC heap after
{Heap after GC invocations=45 (full 0):
 garbage-first heap   total 266240K, used 160846K [0x0000000080000000, 0x0000000100000000)
  region size 1024K, 8 young (8192K), 8 survivors (8192K)
 Metaspace       used 122691K, committed 123456K, reserved 1179648K
  class space    used 16919K, committed 17280K, reserved 1048576K
}
Event: 19.231 GC heap before
{Heap before GC invocations=45 (full 0):
 garbage-first heap   total 266240K, used 215118K [0x0000000080000000, 0x0000000100000000)
  region size 1024K, 62 young (63488K), 8 survivors (8192K)
 Metaspace       used 123622K, committed 124416K, reserved 1179648K
  class space    used 17019K, committed 17408K, reserved 1048576K
}

