# JRE version: OpenJDK Runtime Environment (17.0.10) (build 17.0.10+0--11572160)
# Java VM: OpenJDK 64-Bit Server VM (17.0.10+0--11572160, mixed mode, tiered, compressed oops, compressed class ptrs, g1 gc, windows-amd64)
GC Precious Log:
 CPUs: 8 total, 8 available
 Memory: 8089M
 Large Page Support: Disabled
 NUMA Support: Disabled
 Compressed Oops: Enabled (32-bit)
 Heap Region Size: 1M
 Heap Min Capacity: 8M
 Heap Initial Capacity: 128M
 Heap Max Capacity: 2G
 Pre-touch: Disabled
 Parallel Workers: 8
 Concurrent Workers: 2
 Concurrent Refinement Workers: 8
 Periodic GC: Disabled
Heap:
 garbage-first heap   total 280576K, used 165833K [0x0000000080000000, 0x0000000100000000)
  region size 1024K, 1 young (1024K), 1 survivors (1024K)
 Metaspace       used 109104K, committed 109888K, reserved 1179648K
  class space    used 14974K, committed 15360K, reserved 1048576K
GC Heap History (20 events):
Event: 15.193 GC heap after
{Heap after GC invocations=32 (full 0):
 garbage-first heap   total 194560K, used 97163K [0x0000000080000000, 0x0000000100000000)
  region size 1024K, 6 young (6144K), 6 survivors (6144K)
 Metaspace       used 96564K, committed 97280K, reserved 1179648K
  class space    used 13393K, committed 13760K, reserved 1048576K
}
Event: 15.844 GC heap before
{Heap before GC invocations=33 (full 0):
 garbage-first heap   total 194560K, used 158603K [0x0000000080000000, 0x0000000100000000)
  region size 1024K, 66 young (67584K), 6 survivors (6144K)
 Metaspace       used 101227K, committed 102016K, reserved 1179648K
  class space    used 14062K, committed 14464K, reserved 1048576K
}
Event: 15.851 GC heap after
{Heap after GC invocations=34 (full 0):
 garbage-first heap   total 194560K, used 100762K [0x0000000080000000, 0x0000000100000000)
  region size 1024K, 5 young (5120K), 5 survivors (5120K)
 Metaspace       used 101227K, committed 102016K, reserved 1179648K
  class space    used 14062K, committed 14464K, reserved 1048576K
}
Event: 15.885 GC heap before
{Heap before GC invocations=34 (full 0):
 garbage-first heap   total 194560K, used 103834K [0x0000000080000000, 0x0000000100000000)
  region size 1024K, 9 young (9216K), 5 survivors (5120K)
 Metaspace       used 101484K, committed 102272K, reserved 1179648K
  class space    used 14106K, committed 14464K, reserved 1048576K
}
Event: 15.890 GC heap after
{Heap after GC invocations=35 (full 0):
 garbage-first heap   total 194560K, used 100437K [0x0000000080000000, 0x0000000100000000)
  region size 1024K, 1 young (1024K), 1 survivors (1024K)
 Metaspace       used 101484K, committed 102272K, reserved 1179648K
  class space    used 14106K, committed 14464K, reserved 1048576K
}
Event: 16.558 GC heap before
{Heap before GC invocations=35 (full 0):
 garbage-first heap   total 194560K, used 163925K [0x0000000080000000, 0x0000000100000000)
  region size 1024K, 59 young (60416K), 1 survivors (1024K)
 Metaspace       used 105811K, committed 106624K, reserved 1179648K
  class space    used 14600K, committed 14976K, reserved 1048576K
}
Event: 16.566 GC heap after
{Heap after GC invocations=36 (full 0):
 garbage-first heap   total 194560K, used 106823K [0x0000000080000000, 0x0000000100000000)
  region size 1024K, 8 young (8192K), 8 survivors (8192K)
 Metaspace       used 105811K, committed 106624K, reserved 1179648K
  class space    used 14600K, committed 14976K, reserved 1048576K
}
Event: 16.780 GC heap before
{Heap before GC invocations=37 (full 0):
 garbage-first heap   total 215040K, used 158023K [0x0000000080000000, 0x0000000100000000)
  region size 1024K, 58 young (59392K), 8 survivors (8192K)
 Metaspace       used 106042K, committed 106880K, reserved 1179648K
  class space    used 14653K, committed 15040K, reserved 1048576K
}
Event: 16.789 GC heap after
{Heap after GC invocations=38 (full 0):
 garbage-first heap   total 215040K, used 110243K [0x0000000080000000, 0x0000000100000000)
  region size 1024K, 4 young (4096K), 4 survivors (4096K)
 Metaspace       used 106042K, committed 106880K, reserved 1179648K
  class space    used 14653K, committed 15040K, reserved 1048576K
}
Event: 16.811 GC heap before
{Heap before GC invocations=38 (full 0):
 garbage-first heap   total 215040K, used 116387K [0x0000000080000000, 0x0000000100000000)
  region size 1024K, 10 young (10240K), 4 survivors (4096K)
 Metaspace       used 106054K, committed 106880K, reserved 1179648K
  class space    used 14654K, committed 15040K, reserved 1048576K
}
Event: 16.815 GC heap after
{Heap after GC invocations=39 (full 0):
 garbage-first heap   total 215040K, used 109359K [0x0000000080000000, 0x0000000100000000)
  region size 1024K, 2 young (2048K), 2 survivors (2048K)
 Metaspace       used 106054K, committed 106880K, reserved 1179648K
  class space    used 14654K, committed 15040K, reserved 1048576K
}
Event: 17.850 GC heap before
{Heap before GC invocations=39 (full 0):
 garbage-first heap   total 215040K, used 174895K [0x0000000080000000, 0x0000000100000000)
  region size 1024K, 67 young (68608K), 2 survivors (2048K)
 Metaspace       used 108089K, committed 108928K, reserved 1179648K
  class space    used 14903K, committed 15296K, reserved 1048576K
}
Event: 17.854 GC heap after
{Heap after GC invocations=40 (full 0):
 garbage-first heap   total 215040K, used 112285K [0x0000000080000000, 0x0000000100000000)
  region size 1024K, 5 young (5120K), 5 survivors (5120K)
 Metaspace       used 108089K, committed 108928K, reserved 1179648K
  class space    used 14903K, committed 15296K, reserved 1048576K
}
Event: 18.816 GC heap before
{Heap before GC invocations=40 (full 0):
 garbage-first heap   total 215040K, used 174749K [0x0000000080000000, 0x0000000100000000)
  region size 1024K, 67 young (68608K), 5 survivors (5120K)
 Metaspace       used 108715K, committed 109504K, reserved 1179648K
  class space    used 14941K, committed 15360K, reserved 1048576K
}
Event: 18.833 GC heap after
{Heap after GC invocations=41 (full 0):
 garbage-first heap   total 215040K, used 142295K [0x0000000080000000, 0x0000000100000000)
  region size 1024K, 9 young (9216K), 9 survivors (9216K)
 Metaspace       used 108715K, committed 109504K, reserved 1179648K
  class space    used 14941K, committed 15360K, reserved 1048576K
}
Event: 19.358 GC heap before
{Heap before GC invocations=41 (full 0):
 garbage-first heap   total 215040K, used 183255K [0x0000000080000000, 0x0000000100000000)
  region size 1024K, 41 young (41984K), 9 survivors (9216K)
 Metaspace       used 108784K, committed 109632K, reserved 1179648K
  class space    used 14942K, committed 15360K, reserved 1048576K
}
Event: 19.374 GC heap after
{Heap after GC invocations=42 (full 0):
 garbage-first heap   total 215040K, used 162816K [0x0000000080000000, 0x0000000100000000)
  region size 1024K, 6 young (6144K), 6 survivors (6144K)
 Metaspace       used 108784K, committed 109632K, reserved 1179648K
  class space    used 14942K, committed 15360K, reserved 1048576K
}
Event: 19.611 GC heap before
{Heap before GC invocations=43 (full 0):
 garbage-first heap   total 280576K, used 179200K [0x0000000080000000, 0x0000000100000000)
  region size 1024K, 22 young (22528K), 6 survivors (6144K)
 Metaspace       used 109033K, committed 109824K, reserved 1179648K
  class space    used 14970K, committed 15360K, reserved 1048576K
}
Event: 19.619 GC heap after
{Heap after GC invocations=44 (full 0):
 garbage-first heap   total 280576K, used 167396K [0x0000000080000000, 0x0000000100000000)
  region size 1024K, 3 young (3072K), 3 survivors (3072K)
 Metaspace       used 109033K, committed 109824K, reserved 1179648K
  class space    used 14970K, committed 15360K, reserved 1048576K
}
Event: 19.769 GC heap before
{Heap before GC invocations=44 (full 0):
 garbage-first heap   total 280576K, used 177636K [0x0000000080000000, 0x0000000100000000)
  region size 1024K, 13 young (13312K), 3 survivors (3072K)
 Metaspace       used 109104K, committed 109888K, reserved 1179648K
  class space    used 14974K, committed 15360K, reserved 1048576K
}

