# JRE version: OpenJDK Runtime Environment (17.0.10) (build 17.0.10+0--11572160)
# Java VM: OpenJDK 64-Bit Server VM (17.0.10+0--11572160, mixed mode, tiered, compressed oops, compressed class ptrs, g1 gc, windows-amd64)
GC Precious Log:
 CPUs: 8 total, 8 available
 Memory: 8089M
 Large Page Support: Disabled
 NUMA Support: Disabled
 Compressed Oops: Enabled (32-bit)
 Heap Region Size: 1M
 Heap Min Capacity: 8M
 Heap Initial Capacity: 128M
 Heap Max Capacity: 2G
 Pre-touch: Disabled
 Parallel Workers: 8
 Concurrent Workers: 2
 Concurrent Refinement Workers: 8
 Periodic GC: Disabled
Heap:
 garbage-first heap   total 312320K, used 221783K [0x0000000080000000, 0x0000000100000000)
  region size 1024K, 37 young (37888K), 9 survivors (9216K)
 Metaspace       used 183062K, committed 184064K, reserved 1245184K
  class space    used 23906K, committed 24384K, reserved 1048576K
GC Heap History (20 events):
Event: 21.724 GC heap before
{Heap before GC invocations=54 (full 0):
 garbage-first heap   total 249856K, used 215590K [0x0000000080000000, 0x0000000100000000)
  region size 1024K, 44 young (45056K), 8 survivors (8192K)
 Metaspace       used 163404K, committed 164352K, reserved 1245184K
  class space    used 21377K, committed 21824K, reserved 1048576K
}
Event: 21.733 GC heap after
{Heap after GC invocations=55 (full 0):
 garbage-first heap   total 249856K, used 179708K [0x0000000080000000, 0x0000000100000000)
  region size 1024K, 3 young (3072K), 3 survivors (3072K)
 Metaspace       used 163404K, committed 164352K, reserved 1245184K
  class space    used 21377K, committed 21824K, reserved 1048576K
}
Event: 22.237 GC heap before
{Heap before GC invocations=56 (full 0):
 garbage-first heap   total 312320K, used 214524K [0x0000000080000000, 0x0000000100000000)
  region size 1024K, 37 young (37888K), 3 survivors (3072K)
 Metaspace       used 166847K, committed 167744K, reserved 1245184K
  class space    used 21921K, committed 22336K, reserved 1048576K
}
Event: 22.241 GC heap after
{Heap after GC invocations=57 (full 0):
 garbage-first heap   total 312320K, used 180312K [0x0000000080000000, 0x0000000100000000)
  region size 1024K, 4 young (4096K), 4 survivors (4096K)
 Metaspace       used 166847K, committed 167744K, reserved 1245184K
  class space    used 21921K, committed 22336K, reserved 1048576K
}
Event: 22.382 GC heap before
{Heap before GC invocations=57 (full 0):
 garbage-first heap   total 312320K, used 191576K [0x0000000080000000, 0x0000000100000000)
  region size 1024K, 15 young (15360K), 4 survivors (4096K)
 Metaspace       used 167620K, committed 168512K, reserved 1245184K
  class space    used 22049K, committed 22464K, reserved 1048576K
}
Event: 22.387 GC heap after
{Heap after GC invocations=58 (full 0):
 garbage-first heap   total 312320K, used 178295K [0x0000000080000000, 0x0000000100000000)
  region size 1024K, 2 young (2048K), 2 survivors (2048K)
 Metaspace       used 167620K, committed 168512K, reserved 1245184K
  class space    used 22049K, committed 22464K, reserved 1048576K
}
Event: 23.305 GC heap before
{Heap before GC invocations=58 (full 0):
 garbage-first heap   total 312320K, used 261239K [0x0000000080000000, 0x0000000100000000)
  region size 1024K, 83 young (84992K), 2 survivors (2048K)
 Metaspace       used 175257K, committed 176192K, reserved 1245184K
  class space    used 23111K, committed 23552K, reserved 1048576K
}
Event: 23.310 GC heap after
{Heap after GC invocations=59 (full 0):
 garbage-first heap   total 312320K, used 180992K [0x0000000080000000, 0x0000000100000000)
  region size 1024K, 5 young (5120K), 5 survivors (5120K)
 Metaspace       used 175257K, committed 176192K, reserved 1245184K
  class space    used 23111K, committed 23552K, reserved 1048576K
}
Event: 23.926 GC heap before
{Heap before GC invocations=59 (full 0):
 garbage-first heap   total 312320K, used 264960K [0x0000000080000000, 0x0000000100000000)
  region size 1024K, 85 young (87040K), 5 survivors (5120K)
 Metaspace       used 175954K, committed 176896K, reserved 1245184K
  class space    used 23179K, committed 23616K, reserved 1048576K
}
Event: 23.933 GC heap after
{Heap after GC invocations=60 (full 0):
 garbage-first heap   total 312320K, used 186657K [0x0000000080000000, 0x0000000100000000)
  region size 1024K, 9 young (9216K), 9 survivors (9216K)
 Metaspace       used 175954K, committed 176896K, reserved 1245184K
  class space    used 23179K, committed 23616K, reserved 1048576K
}
Event: 24.344 GC heap before
{Heap before GC invocations=60 (full 0):
 garbage-first heap   total 312320K, used 263457K [0x0000000080000000, 0x0000000100000000)
  region size 1024K, 84 young (86016K), 9 survivors (9216K)
 Metaspace       used 175957K, committed 176896K, reserved 1245184K
  class space    used 23179K, committed 23616K, reserved 1048576K
}
Event: 24.352 GC heap after
{Heap after GC invocations=61 (full 0):
 garbage-first heap   total 312320K, used 186983K [0x0000000080000000, 0x0000000100000000)
  region size 1024K, 4 young (4096K), 4 survivors (4096K)
 Metaspace       used 175957K, committed 176896K, reserved 1245184K
  class space    used 23179K, committed 23616K, reserved 1048576K
}
Event: 24.749 GC heap before
{Heap before GC invocations=61 (full 0):
 garbage-first heap   total 312320K, used 267879K [0x0000000080000000, 0x0000000100000000)
  region size 1024K, 83 young (84992K), 4 survivors (4096K)
 Metaspace       used 175975K, committed 176960K, reserved 1245184K
  class space    used 23182K, committed 23680K, reserved 1048576K
}
Event: 24.752 GC heap after
{Heap after GC invocations=62 (full 0):
 garbage-first heap   total 312320K, used 186983K [0x0000000080000000, 0x0000000100000000)
  region size 1024K, 4 young (4096K), 4 survivors (4096K)
 Metaspace       used 175975K, committed 176960K, reserved 1245184K
  class space    used 23182K, committed 23680K, reserved 1048576K
}
Event: 26.180 GC heap before
{Heap before GC invocations=62 (full 0):
 garbage-first heap   total 312320K, used 268903K [0x0000000080000000, 0x0000000100000000)
  region size 1024K, 85 young (87040K), 4 survivors (4096K)
 Metaspace       used 179248K, committed 180224K, reserved 1245184K
  class space    used 23501K, committed 23936K, reserved 1048576K
}
Event: 26.188 GC heap after
{Heap after GC invocations=63 (full 0):
 garbage-first heap   total 312320K, used 187819K [0x0000000080000000, 0x0000000100000000)
  region size 1024K, 7 young (7168K), 7 survivors (7168K)
 Metaspace       used 179248K, committed 180224K, reserved 1245184K
  class space    used 23501K, committed 23936K, reserved 1048576K
}
Event: 27.874 GC heap before
{Heap before GC invocations=63 (full 0):
 garbage-first heap   total 312320K, used 265643K [0x0000000080000000, 0x0000000100000000)
  region size 1024K, 84 young (86016K), 7 survivors (7168K)
 Metaspace       used 179366K, committed 180352K, reserved 1245184K
  class space    used 23503K, committed 23936K, reserved 1048576K
}
Event: 27.883 GC heap after
{Heap after GC invocations=64 (full 0):
 garbage-first heap   total 312320K, used 189285K [0x0000000080000000, 0x0000000100000000)
  region size 1024K, 4 young (4096K), 4 survivors (4096K)
 Metaspace       used 179366K, committed 180352K, reserved 1245184K
  class space    used 23503K, committed 23936K, reserved 1048576K
}
Event: 29.240 GC heap before
{Heap before GC invocations=64 (full 0):
 garbage-first heap   total 312320K, used 267109K [0x0000000080000000, 0x0000000100000000)
  region size 1024K, 80 young (81920K), 4 survivors (4096K)
 Metaspace       used 181369K, committed 182400K, reserved 1245184K
  class space    used 23724K, committed 24192K, reserved 1048576K
}
Event: 29.250 GC heap after
{Heap after GC invocations=65 (full 0):
 garbage-first heap   total 312320K, used 194135K [0x0000000080000000, 0x0000000100000000)
  region size 1024K, 9 young (9216K), 9 survivors (9216K)
 Metaspace       used 181369K, committed 182400K, reserved 1245184K
  class space    used 23724K, committed 24192K, reserved 1048576K
}

