# JRE version: OpenJDK Runtime Environment (17.0.10) (build 17.0.10+0--11572160)
# Java VM: OpenJDK 64-Bit Server VM (17.0.10+0--11572160, mixed mode, tiered, compressed oops, compressed class ptrs, g1 gc, windows-amd64)
GC Precious Log:
 CPUs: 8 total, 8 available
 Memory: 8089M
 Large Page Support: Disabled
 NUMA Support: Disabled
 Compressed Oops: Enabled (32-bit)
 Heap Region Size: 1M
 Heap Min Capacity: 8M
 Heap Initial Capacity: 128M
 Heap Max Capacity: 2G
 Pre-touch: Disabled
 Parallel Workers: 8
 Concurrent Workers: 2
 Concurrent Refinement Workers: 8
 Periodic GC: Disabled
Heap:
 garbage-first heap   total 438272K, used 280490K [0x0000000080000000, 0x0000000100000000)
  region size 1024K, 14 young (14336K), 14 survivors (14336K)
 Metaspace       used 160534K, committed 161536K, reserved 1245184K
  class space    used 21738K, committed 22272K, reserved 1048576K
GC Heap History (20 events):
Event: 3437.019 GC heap after
{Heap after GC invocations=102 (full 0):
 garbage-first heap   total 258048K, used 217791K [0x0000000080000000, 0x0000000100000000)
  region size 1024K, 2 young (2048K), 2 survivors (2048K)
 Metaspace       used 136460K, committed 137536K, reserved 1179648K
  class space    used 18314K, committed 18816K, reserved 1048576K
}
Event: 3437.280 GC heap before
{Heap before GC invocations=102 (full 0):
 garbage-first heap   total 258048K, used 228031K [0x0000000080000000, 0x0000000100000000)
  region size 1024K, 12 young (12288K), 2 survivors (2048K)
 Metaspace       used 136650K, committed 137664K, reserved 1179648K
  class space    used 18333K, committed 18816K, reserved 1048576K
}
Event: 3437.285 GC heap after
{Heap after GC invocations=103 (full 0):
 garbage-first heap   total 258048K, used 218945K [0x0000000080000000, 0x0000000100000000)
  region size 1024K, 2 young (2048K), 2 survivors (2048K)
 Metaspace       used 136650K, committed 137664K, reserved 1179648K
  class space    used 18333K, committed 18816K, reserved 1048576K
}
Event: 3437.573 GC heap before
{Heap before GC invocations=104 (full 0):
 garbage-first heap   total 368640K, used 229185K [0x0000000080000000, 0x0000000100000000)
  region size 1024K, 12 young (12288K), 2 survivors (2048K)
 Metaspace       used 136017K, committed 137664K, reserved 1179648K
  class space    used 18203K, committed 18752K, reserved 1048576K
}
Event: 3437.579 GC heap after
{Heap after GC invocations=105 (full 0):
 garbage-first heap   total 368640K, used 220662K [0x0000000080000000, 0x0000000100000000)
  region size 1024K, 2 young (2048K), 2 survivors (2048K)
 Metaspace       used 136017K, committed 137664K, reserved 1179648K
  class space    used 18203K, committed 18752K, reserved 1048576K
}
Event: 3437.747 GC heap before
{Heap before GC invocations=105 (full 0):
 garbage-first heap   total 368640K, used 237046K [0x0000000080000000, 0x0000000100000000)
  region size 1024K, 18 young (18432K), 2 survivors (2048K)
 Metaspace       used 136630K, committed 137664K, reserved 1179648K
  class space    used 18304K, committed 18752K, reserved 1048576K
}
Event: 3437.768 GC heap after
{Heap after GC invocations=106 (full 0):
 garbage-first heap   total 438272K, used 196451K [0x0000000080000000, 0x0000000100000000)
  region size 1024K, 2 young (2048K), 2 survivors (2048K)
 Metaspace       used 136630K, committed 137664K, reserved 1179648K
  class space    used 18304K, committed 18752K, reserved 1048576K
}
Event: 3437.988 GC heap before
{Heap before GC invocations=106 (full 0):
 garbage-first heap   total 438272K, used 215907K [0x0000000080000000, 0x0000000100000000)
  region size 1024K, 21 young (21504K), 2 survivors (2048K)
 Metaspace       used 137273K, committed 138112K, reserved 1179648K
  class space    used 18387K, committed 18816K, reserved 1048576K
}
Event: 3438.002 GC heap after
{Heap after GC invocations=107 (full 0):
 garbage-first heap   total 438272K, used 193495K [0x0000000080000000, 0x0000000100000000)
  region size 1024K, 3 young (3072K), 3 survivors (3072K)
 Metaspace       used 137273K, committed 138112K, reserved 1179648K
  class space    used 18387K, committed 18816K, reserved 1048576K
}
Event: 3439.861 GC heap before
{Heap before GC invocations=107 (full 0):
 garbage-first heap   total 438272K, used 368599K [0x0000000080000000, 0x0000000100000000)
  region size 1024K, 155 young (158720K), 3 survivors (3072K)
 Metaspace       used 143744K, committed 144640K, reserved 1179648K
  class space    used 19236K, committed 19648K, reserved 1048576K
}
Event: 3439.875 GC heap after
{Heap after GC invocations=108 (full 0):
 garbage-first heap   total 438272K, used 202598K [0x0000000080000000, 0x0000000100000000)
  region size 1024K, 12 young (12288K), 12 survivors (12288K)
 Metaspace       used 143744K, committed 144640K, reserved 1179648K
  class space    used 19236K, committed 19648K, reserved 1048576K
}
Event: 3441.528 GC heap before
{Heap before GC invocations=108 (full 0):
 garbage-first heap   total 438272K, used 345958K [0x0000000080000000, 0x0000000100000000)
  region size 1024K, 153 young (156672K), 12 survivors (12288K)
 Metaspace       used 149033K, committed 149952K, reserved 1179648K
  class space    used 19829K, committed 20288K, reserved 1048576K
}
Event: 3441.544 GC heap after
{Heap after GC invocations=109 (full 0):
 garbage-first heap   total 438272K, used 209686K [0x0000000080000000, 0x0000000100000000)
  region size 1024K, 16 young (16384K), 16 survivors (16384K)
 Metaspace       used 149033K, committed 149952K, reserved 1179648K
  class space    used 19829K, committed 20288K, reserved 1048576K
}
Event: 3442.682 GC heap before
{Heap before GC invocations=109 (full 0):
 garbage-first heap   total 438272K, used 353046K [0x0000000080000000, 0x0000000100000000)
  region size 1024K, 157 young (160768K), 16 survivors (16384K)
 Metaspace       used 152913K, committed 153920K, reserved 1245184K
  class space    used 20429K, committed 20928K, reserved 1048576K
}
Event: 3442.701 GC heap after
{Heap after GC invocations=110 (full 0):
 garbage-first heap   total 438272K, used 223023K [0x0000000080000000, 0x0000000100000000)
  region size 1024K, 20 young (20480K), 20 survivors (20480K)
 Metaspace       used 152913K, committed 153920K, reserved 1245184K
  class space    used 20429K, committed 20928K, reserved 1048576K
}
Event: 3443.378 GC heap before
{Heap before GC invocations=110 (full 0):
 garbage-first heap   total 438272K, used 355119K [0x0000000080000000, 0x0000000100000000)
  region size 1024K, 150 young (153600K), 20 survivors (20480K)
 Metaspace       used 156928K, committed 157888K, reserved 1245184K
  class space    used 21077K, committed 21568K, reserved 1048576K
}
Event: 3443.412 GC heap after
{Heap after GC invocations=111 (full 0):
 garbage-first heap   total 438272K, used 246618K [0x0000000080000000, 0x0000000100000000)
  region size 1024K, 19 young (19456K), 19 survivors (19456K)
 Metaspace       used 156928K, committed 157888K, reserved 1245184K
  class space    used 21077K, committed 21568K, reserved 1048576K
}
Event: 3443.813 GC heap before
{Heap before GC invocations=111 (full 0):
 garbage-first heap   total 438272K, used 354138K [0x0000000080000000, 0x0000000100000000)
  region size 1024K, 125 young (128000K), 19 survivors (19456K)
 Metaspace       used 160225K, committed 161216K, reserved 1245184K
  class space    used 21686K, committed 22208K, reserved 1048576K
}
Event: 3443.844 GC heap after
{Heap after GC invocations=112 (full 0):
 garbage-first heap   total 438272K, used 264192K [0x0000000080000000, 0x0000000100000000)
  region size 1024K, 16 young (16384K), 16 survivors (16384K)
 Metaspace       used 160225K, committed 161216K, reserved 1245184K
  class space    used 21686K, committed 22208K, reserved 1048576K
}
Event: 3443.968 GC heap before
{Heap before GC invocations=112 (full 0):
 garbage-first heap   total 438272K, used 359424K [0x0000000080000000, 0x0000000100000000)
  region size 1024K, 109 young (111616K), 16 survivors (16384K)
 Metaspace       used 160534K, committed 161536K, reserved 1245184K
  class space    used 21738K, committed 22272K, reserved 1048576K
}

