# JRE version: OpenJDK Runtime Environment (17.0.10) (build 17.0.10+0--11572160)
# Java VM: OpenJDK 64-Bit Server VM (17.0.10+0--11572160, mixed mode, tiered, compressed oops, compressed class ptrs, g1 gc, windows-amd64)
GC Precious Log:
 CPUs: 8 total, 8 available
 Memory: 8089M
 Large Page Support: Disabled
 NUMA Support: Disabled
 Compressed Oops: Enabled (32-bit)
 Heap Region Size: 1M
 Heap Min Capacity: 8M
 Heap Initial Capacity: 128M
 Heap Max Capacity: 2024M
 Pre-touch: Disabled
 Parallel Workers: 8
 Concurrent Workers: 2
 Concurrent Refinement Workers: 8
 Periodic GC: Disabled
Heap:
 garbage-first heap   total 291840K, used 108244K [0x0000000081800000, 0x0000000100000000)
  region size 1024K, 47 young (48128K), 6 survivors (6144K)
 Metaspace       used 78042K, committed 78336K, reserved 1179648K
  class space    used 8688K, committed 8832K, reserved 1048576K
GC Heap History (20 events):
Event: 4.548 GC heap before
{Heap before GC invocations=14 (full 0):
 garbage-first heap   total 66560K, used 49249K [0x0000000081800000, 0x0000000100000000)
  region size 1024K, 19 young (19456K), 2 survivors (2048K)
 Metaspace       used 49294K, committed 49536K, reserved 1114112K
  class space    used 5896K, committed 6016K, reserved 1048576K
}
Event: 4.560 GC heap after
{Heap after GC invocations=15 (full 0):
 garbage-first heap   total 66560K, used 35114K [0x0000000081800000, 0x0000000100000000)
  region size 1024K, 3 young (3072K), 3 survivors (3072K)
 Metaspace       used 49294K, committed 49536K, reserved 1114112K
  class space    used 5896K, committed 6016K, reserved 1048576K
}
Event: 5.089 GC heap before
{Heap before GC invocations=16 (full 0):
 garbage-first heap   total 66560K, used 49450K [0x0000000081800000, 0x0000000100000000)
  region size 1024K, 18 young (18432K), 3 survivors (3072K)
 Metaspace       used 50800K, committed 51008K, reserved 1114112K
  class space    used 6058K, committed 6144K, reserved 1048576K
}
Event: 5.102 GC heap after
{Heap after GC invocations=17 (full 0):
 garbage-first heap   total 66560K, used 38095K [0x0000000081800000, 0x0000000100000000)
  region size 1024K, 3 young (3072K), 3 survivors (3072K)
 Metaspace       used 50800K, committed 51008K, reserved 1114112K
  class space    used 6058K, committed 6144K, reserved 1048576K
}
Event: 5.141 GC heap before
{Heap before GC invocations=17 (full 0):
 garbage-first heap   total 66560K, used 39119K [0x0000000081800000, 0x0000000100000000)
  region size 1024K, 4 young (4096K), 3 survivors (3072K)
 Metaspace       used 50862K, committed 51072K, reserved 1114112K
  class space    used 6059K, committed 6144K, reserved 1048576K
}
Event: 5.154 GC heap after
{Heap after GC invocations=18 (full 0):
 garbage-first heap   total 66560K, used 36650K [0x0000000081800000, 0x0000000100000000)
  region size 1024K, 1 young (1024K), 1 survivors (1024K)
 Metaspace       used 50862K, committed 51072K, reserved 1114112K
  class space    used 6059K, committed 6144K, reserved 1048576K
}
Event: 5.609 GC heap before
{Heap before GC invocations=18 (full 0):
 garbage-first heap   total 66560K, used 49962K [0x0000000081800000, 0x0000000100000000)
  region size 1024K, 14 young (14336K), 1 survivors (1024K)
 Metaspace       used 51320K, committed 51520K, reserved 1114112K
  class space    used 6067K, committed 6144K, reserved 1048576K
}
Event: 5.616 GC heap after
{Heap after GC invocations=19 (full 0):
 garbage-first heap   total 133120K, used 38823K [0x0000000081800000, 0x0000000100000000)
  region size 1024K, 2 young (2048K), 2 survivors (2048K)
 Metaspace       used 51320K, committed 51520K, reserved 1114112K
  class space    used 6067K, committed 6144K, reserved 1048576K
}
Event: 6.659 GC heap before
{Heap before GC invocations=20 (full 0):
 garbage-first heap   total 133120K, used 93095K [0x0000000081800000, 0x0000000100000000)
  region size 1024K, 55 young (56320K), 2 survivors (2048K)
 Metaspace       used 54731K, committed 54912K, reserved 1114112K
  class space    used 6524K, committed 6592K, reserved 1048576K
}
Event: 6.678 GC heap after
{Heap after GC invocations=21 (full 0):
 garbage-first heap   total 133120K, used 46021K [0x0000000081800000, 0x0000000100000000)
  region size 1024K, 7 young (7168K), 7 survivors (7168K)
 Metaspace       used 54731K, committed 54912K, reserved 1114112K
  class space    used 6524K, committed 6592K, reserved 1048576K
}
Event: 6.687 GC heap before
{Heap before GC invocations=21 (full 0):
 garbage-first heap   total 133120K, used 46021K [0x0000000081800000, 0x0000000100000000)
  region size 1024K, 8 young (8192K), 7 survivors (7168K)
 Metaspace       used 54739K, committed 54912K, reserved 1114112K
  class space    used 6524K, committed 6592K, reserved 1048576K
}
Event: 6.699 GC heap after
{Heap after GC invocations=22 (full 0):
 garbage-first heap   total 133120K, used 46191K [0x0000000081800000, 0x0000000100000000)
  region size 1024K, 1 young (1024K), 1 survivors (1024K)
 Metaspace       used 54739K, committed 54912K, reserved 1114112K
  class space    used 6524K, committed 6592K, reserved 1048576K
}
Event: 8.374 GC heap before
{Heap before GC invocations=22 (full 0):
 garbage-first heap   total 133120K, used 91247K [0x0000000081800000, 0x0000000100000000)
  region size 1024K, 45 young (46080K), 1 survivors (1024K)
 Metaspace       used 58701K, committed 58880K, reserved 1114112K
  class space    used 6907K, committed 6976K, reserved 1048576K
}
Event: 8.389 GC heap after
{Heap after GC invocations=23 (full 0):
 garbage-first heap   total 133120K, used 52610K [0x0000000081800000, 0x0000000100000000)
  region size 1024K, 6 young (6144K), 6 survivors (6144K)
 Metaspace       used 58701K, committed 58880K, reserved 1114112K
  class space    used 6907K, committed 6976K, reserved 1048576K
}
Event: 9.815 GC heap before
{Heap before GC invocations=23 (full 0):
 garbage-first heap   total 133120K, used 97666K [0x0000000081800000, 0x0000000100000000)
  region size 1024K, 49 young (50176K), 6 survivors (6144K)
 Metaspace       used 61290K, committed 61632K, reserved 1114112K
  class space    used 7073K, committed 7232K, reserved 1048576K
}
Event: 9.834 GC heap after
{Heap after GC invocations=24 (full 0):
 garbage-first heap   total 133120K, used 58835K [0x0000000081800000, 0x0000000100000000)
  region size 1024K, 6 young (6144K), 6 survivors (6144K)
 Metaspace       used 61290K, committed 61632K, reserved 1114112K
  class space    used 7073K, committed 7232K, reserved 1048576K
}
Event: 10.937 GC heap before
{Heap before GC invocations=24 (full 0):
 garbage-first heap   total 133120K, used 99795K [0x0000000081800000, 0x0000000100000000)
  region size 1024K, 46 young (47104K), 6 survivors (6144K)
 Metaspace       used 66350K, committed 66688K, reserved 1114112K
  class space    used 7535K, committed 7680K, reserved 1048576K
}
Event: 10.951 GC heap after
{Heap after GC invocations=25 (full 0):
 garbage-first heap   total 133120K, used 62465K [0x0000000081800000, 0x0000000100000000)
  region size 1024K, 4 young (4096K), 4 survivors (4096K)
 Metaspace       used 66350K, committed 66688K, reserved 1114112K
  class space    used 7535K, committed 7680K, reserved 1048576K
}
Event: 12.050 GC heap before
{Heap before GC invocations=25 (full 0):
 garbage-first heap   total 133120K, used 103425K [0x0000000081800000, 0x0000000100000000)
  region size 1024K, 44 young (45056K), 4 survivors (4096K)
 Metaspace       used 71252K, committed 71552K, reserved 1114112K
  class space    used 8059K, committed 8192K, reserved 1048576K
}
Event: 12.068 GC heap after
{Heap after GC invocations=26 (full 0):
 garbage-first heap   total 291840K, used 67284K [0x0000000081800000, 0x0000000100000000)
  region size 1024K, 6 young (6144K), 6 survivors (6144K)
 Metaspace       used 71252K, committed 71552K, reserved 1114112K
  class space    used 8059K, committed 8192K, reserved 1048576K
}

