# JRE version: OpenJDK Runtime Environment (17.0.10) (build 17.0.10+0--11572160)
# Java VM: OpenJDK 64-Bit Server VM (17.0.10+0--11572160, mixed mode, tiered, compressed oops, compressed class ptrs, g1 gc, windows-amd64)
GC Precious Log:
 CPUs: 8 total, 8 available
 Memory: 8089M
 Large Page Support: Disabled
 NUMA Support: Disabled
 Compressed Oops: Enabled (32-bit)
 Heap Region Size: 1M
 Heap Min Capacity: 8M
 Heap Initial Capacity: 128M
 Heap Max Capacity: 2G
 Pre-touch: Disabled
 Parallel Workers: 8
 Concurrent Workers: 2
 Concurrent Refinement Workers: 8
 Periodic GC: Disabled
Heap:
 garbage-first heap   total 236544K, used 154933K [0x0000000080000000, 0x0000000100000000)
  region size 1024K, 7 young (7168K), 7 survivors (7168K)
 Metaspace       used 108675K, committed 109504K, reserved 1179648K
  class space    used 14895K, committed 15296K, reserved 1048576K
GC Heap History (20 events):
Event: 8.243 GC heap after
{Heap after GC invocations=25 (full 0):
 garbage-first heap   total 236544K, used 73965K [0x0000000080000000, 0x0000000100000000)
  region size 1024K, 1 young (1024K), 1 survivors (1024K)
 Metaspace       used 70156K, committed 70784K, reserved 1114112K
  class space    used 9508K, committed 9792K, reserved 1048576K
}
Event: 9.393 GC heap before
{Heap before GC invocations=25 (full 0):
 garbage-first heap   total 236544K, used 193773K [0x0000000080000000, 0x0000000100000000)
  region size 1024K, 114 young (116736K), 1 survivors (1024K)
 Metaspace       used 80783K, committed 81408K, reserved 1179648K
  class space    used 10959K, committed 11264K, reserved 1048576K
}
Event: 9.397 GC heap after
{Heap after GC invocations=26 (full 0):
 garbage-first heap   total 236544K, used 83092K [0x0000000080000000, 0x0000000100000000)
  region size 1024K, 6 young (6144K), 6 survivors (6144K)
 Metaspace       used 80783K, committed 81408K, reserved 1179648K
  class space    used 10959K, committed 11264K, reserved 1048576K
}
Event: 10.334 GC heap before
{Heap before GC invocations=26 (full 0):
 garbage-first heap   total 236544K, used 191636K [0x0000000080000000, 0x0000000100000000)
  region size 1024K, 111 young (113664K), 6 survivors (6144K)
 Metaspace       used 85933K, committed 86528K, reserved 1179648K
  class space    used 11643K, committed 11904K, reserved 1048576K
}
Event: 10.342 GC heap after
{Heap after GC invocations=27 (full 0):
 garbage-first heap   total 236544K, used 89089K [0x0000000080000000, 0x0000000100000000)
  region size 1024K, 12 young (12288K), 12 survivors (12288K)
 Metaspace       used 85933K, committed 86528K, reserved 1179648K
  class space    used 11643K, committed 11904K, reserved 1048576K
}
Event: 11.409 GC heap before
{Heap before GC invocations=27 (full 0):
 garbage-first heap   total 236544K, used 191489K [0x0000000080000000, 0x0000000100000000)
  region size 1024K, 112 young (114688K), 12 survivors (12288K)
 Metaspace       used 93095K, committed 93824K, reserved 1179648K
  class space    used 12876K, committed 13184K, reserved 1048576K
}
Event: 11.420 GC heap after
{Heap after GC invocations=28 (full 0):
 garbage-first heap   total 236544K, used 94220K [0x0000000080000000, 0x0000000100000000)
  region size 1024K, 12 young (12288K), 12 survivors (12288K)
 Metaspace       used 93095K, committed 93824K, reserved 1179648K
  class space    used 12876K, committed 13184K, reserved 1048576K
}
Event: 12.164 GC heap before
{Heap before GC invocations=28 (full 0):
 garbage-first heap   total 236544K, used 156684K [0x0000000080000000, 0x0000000100000000)
  region size 1024K, 74 young (75776K), 12 survivors (12288K)
 Metaspace       used 97728K, committed 98496K, reserved 1179648K
  class space    used 13591K, committed 13952K, reserved 1048576K
}
Event: 12.172 GC heap after
{Heap after GC invocations=29 (full 0):
 garbage-first heap   total 236544K, used 97595K [0x0000000080000000, 0x0000000100000000)
  region size 1024K, 9 young (9216K), 9 survivors (9216K)
 Metaspace       used 97728K, committed 98496K, reserved 1179648K
  class space    used 13591K, committed 13952K, reserved 1048576K
}
Event: 13.778 GC heap before
{Heap before GC invocations=30 (full 0):
 garbage-first heap   total 236544K, used 197947K [0x0000000080000000, 0x0000000100000000)
  region size 1024K, 103 young (105472K), 9 survivors (9216K)
 Metaspace       used 104928K, committed 105728K, reserved 1179648K
  class space    used 14507K, committed 14912K, reserved 1048576K
}
Event: 13.796 GC heap after
{Heap after GC invocations=31 (full 0):
 garbage-first heap   total 236544K, used 106797K [0x0000000080000000, 0x0000000100000000)
  region size 1024K, 13 young (13312K), 13 survivors (13312K)
 Metaspace       used 104928K, committed 105728K, reserved 1179648K
  class space    used 14507K, committed 14912K, reserved 1048576K
}
Event: 13.810 GC heap before
{Heap before GC invocations=31 (full 0):
 garbage-first heap   total 236544K, used 107821K [0x0000000080000000, 0x0000000100000000)
  region size 1024K, 14 young (14336K), 13 survivors (13312K)
 Metaspace       used 105077K, committed 105856K, reserved 1179648K
  class space    used 14524K, committed 14912K, reserved 1048576K
}
Event: 13.828 GC heap after
{Heap after GC invocations=32 (full 0):
 garbage-first heap   total 236544K, used 107296K [0x0000000080000000, 0x0000000100000000)
  region size 1024K, 2 young (2048K), 2 survivors (2048K)
 Metaspace       used 105077K, committed 105856K, reserved 1179648K
  class space    used 14524K, committed 14912K, reserved 1048576K
}
Event: 14.575 GC heap before
{Heap before GC invocations=32 (full 0):
 garbage-first heap   total 236544K, used 193312K [0x0000000080000000, 0x0000000100000000)
  region size 1024K, 86 young (88064K), 2 survivors (2048K)
 Metaspace       used 105918K, committed 106688K, reserved 1179648K
  class space    used 14589K, committed 14976K, reserved 1048576K
}
Event: 14.582 GC heap after
{Heap after GC invocations=33 (full 0):
 garbage-first heap   total 236544K, used 111669K [0x0000000080000000, 0x0000000100000000)
  region size 1024K, 7 young (7168K), 7 survivors (7168K)
 Metaspace       used 105918K, committed 106688K, reserved 1179648K
  class space    used 14589K, committed 14976K, reserved 1048576K
}
Event: 15.616 GC heap before
{Heap before GC invocations=34 (full 0):
 garbage-first heap   total 236544K, used 191541K [0x0000000080000000, 0x0000000100000000)
  region size 1024K, 86 young (88064K), 7 survivors (7168K)
 Metaspace       used 108463K, committed 109184K, reserved 1179648K
  class space    used 14890K, committed 15232K, reserved 1048576K
}
Event: 15.634 GC heap after
{Heap after GC invocations=35 (full 0):
 garbage-first heap   total 236544K, used 131943K [0x0000000080000000, 0x0000000100000000)
  region size 1024K, 11 young (11264K), 11 survivors (11264K)
 Metaspace       used 108463K, committed 109184K, reserved 1179648K
  class space    used 14890K, committed 15232K, reserved 1048576K
}
Event: 15.643 GC heap before
{Heap before GC invocations=35 (full 0):
 garbage-first heap   total 236544K, used 132967K [0x0000000080000000, 0x0000000100000000)
  region size 1024K, 12 young (12288K), 11 survivors (11264K)
 Metaspace       used 108465K, committed 109184K, reserved 1179648K
  class space    used 14890K, committed 15232K, reserved 1048576K
}
Event: 15.653 GC heap after
{Heap after GC invocations=36 (full 0):
 garbage-first heap   total 236544K, used 133037K [0x0000000080000000, 0x0000000100000000)
  region size 1024K, 2 young (2048K), 2 survivors (2048K)
 Metaspace       used 108465K, committed 109184K, reserved 1179648K
  class space    used 14890K, committed 15232K, reserved 1048576K
}
Event: 16.400 GC heap before
{Heap before GC invocations=36 (full 0):
 garbage-first heap   total 236544K, used 189357K [0x0000000080000000, 0x0000000100000000)
  region size 1024K, 49 young (50176K), 2 survivors (2048K)
 Metaspace       used 108675K, committed 109504K, reserved 1179648K
  class space    used 14895K, committed 15296K, reserved 1048576K
}

