# JRE version: OpenJDK Runtime Environment (17.0.10) (build 17.0.10+0--11572160)
# Java VM: OpenJDK 64-Bit Server VM (17.0.10+0--11572160, mixed mode, tiered, compressed oops, compressed class ptrs, g1 gc, windows-amd64)
GC Precious Log:
 CPUs: 8 total, 8 available
 Memory: 8089M
 Large Page Support: Disabled
 NUMA Support: Disabled
 Compressed Oops: Enabled (32-bit)
 Heap Region Size: 1M
 Heap Min Capacity: 8M
 Heap Initial Capacity: 128M
 Heap Max Capacity: 2G
 Pre-touch: Disabled
 Parallel Workers: 8
 Concurrent Workers: 2
 Concurrent Refinement Workers: 8
 Periodic GC: Disabled
Heap:
 garbage-first heap   total 331776K, used 180997K [0x0000000080000000, 0x0000000100000000)
  region size 1024K, 3 young (3072K), 3 survivors (3072K)
 Metaspace       used 147301K, committed 148736K, reserved 1179648K
  class space    used 19652K, committed 20352K, reserved 1048576K
GC Heap History (20 events):
Event: 4408.590 GC heap after
{Heap after GC invocations=70 (full 0):
 garbage-first heap   total 331776K, used 163406K [0x0000000080000000, 0x0000000100000000)
  region size 1024K, 11 young (11264K), 11 survivors (11264K)
 Metaspace       used 140921K, committed 142016K, reserved 1179648K
  class space    used 18905K, committed 19456K, reserved 1048576K
}
Event: 4408.631 GC heap before
{Heap before GC invocations=70 (full 0):
 garbage-first heap   total 331776K, used 168526K [0x0000000080000000, 0x0000000100000000)
  region size 1024K, 16 young (16384K), 11 survivors (11264K)
 Metaspace       used 140923K, committed 142016K, reserved 1179648K
  class space    used 18905K, committed 19456K, reserved 1048576K
}
Event: 4408.654 GC heap after
{Heap after GC invocations=71 (full 0):
 garbage-first heap   total 331776K, used 151687K [0x0000000080000000, 0x0000000100000000)
  region size 1024K, 2 young (2048K), 2 survivors (2048K)
 Metaspace       used 140923K, committed 142016K, reserved 1179648K
  class space    used 18905K, committed 19456K, reserved 1048576K
}
Event: 4423.402 GC heap before
{Heap before GC invocations=71 (full 0):
 garbage-first heap   total 331776K, used 205959K [0x0000000080000000, 0x0000000100000000)
  region size 1024K, 56 young (57344K), 2 survivors (2048K)
 Metaspace       used 141349K, committed 142464K, reserved 1179648K
  class space    used 18929K, committed 19456K, reserved 1048576K
}
Event: 4423.411 GC heap after
{Heap after GC invocations=72 (full 0):
 garbage-first heap   total 331776K, used 152790K [0x0000000080000000, 0x0000000100000000)
  region size 1024K, 3 young (3072K), 3 survivors (3072K)
 Metaspace       used 141349K, committed 142464K, reserved 1179648K
  class space    used 18929K, committed 19456K, reserved 1048576K
}
Event: 5263.169 GC heap before
{Heap before GC invocations=73 (full 0):
 garbage-first heap   total 331776K, used 276694K [0x0000000080000000, 0x0000000100000000)
  region size 1024K, 116 young (118784K), 3 survivors (3072K)
 Metaspace       used 142011K, committed 143296K, reserved 1179648K
  class space    used 19047K, committed 19648K, reserved 1048576K
}
Event: 5263.182 GC heap after
{Heap after GC invocations=74 (full 0):
 garbage-first heap   total 331776K, used 154327K [0x0000000080000000, 0x0000000100000000)
  region size 1024K, 13 young (13312K), 13 survivors (13312K)
 Metaspace       used 142011K, committed 143296K, reserved 1179648K
  class space    used 19047K, committed 19648K, reserved 1048576K
}
Event: 5263.208 GC heap before
{Heap before GC invocations=74 (full 0):
 garbage-first heap   total 331776K, used 157399K [0x0000000080000000, 0x0000000100000000)
  region size 1024K, 16 young (16384K), 13 survivors (13312K)
 Metaspace       used 142071K, committed 143424K, reserved 1179648K
  class space    used 19065K, committed 19712K, reserved 1048576K
}
Event: 5263.221 GC heap after
{Heap after GC invocations=75 (full 0):
 garbage-first heap   total 331776K, used 144604K [0x0000000080000000, 0x0000000100000000)
  region size 1024K, 2 young (2048K), 2 survivors (2048K)
 Metaspace       used 142071K, committed 143424K, reserved 1179648K
  class space    used 19065K, committed 19712K, reserved 1048576K
}
Event: 5273.637 GC heap before
{Heap before GC invocations=75 (full 0):
 garbage-first heap   total 331776K, used 264412K [0x0000000080000000, 0x0000000100000000)
  region size 1024K, 120 young (122880K), 2 survivors (2048K)
 Metaspace       used 142710K, committed 144064K, reserved 1179648K
  class space    used 19139K, committed 19776K, reserved 1048576K
}
Event: 5273.649 GC heap after
{Heap after GC invocations=76 (full 0):
 garbage-first heap   total 331776K, used 147875K [0x0000000080000000, 0x0000000100000000)
  region size 1024K, 5 young (5120K), 5 survivors (5120K)
 Metaspace       used 142710K, committed 144064K, reserved 1179648K
  class space    used 19139K, committed 19776K, reserved 1048576K
}
Event: 5382.481 GC heap before
{Heap before GC invocations=77 (full 0):
 garbage-first heap   total 331776K, used 285608K [0x0000000080000000, 0x0000000100000000)
  region size 1024K, 124 young (126976K), 5 survivors (5120K)
 Metaspace       used 143058K, committed 144512K, reserved 1179648K
  class space    used 19158K, committed 19840K, reserved 1048576K
}
Event: 5382.490 GC heap after
{Heap after GC invocations=78 (full 0):
 garbage-first heap   total 331776K, used 151656K [0x0000000080000000, 0x0000000100000000)
  region size 1024K, 10 young (10240K), 10 survivors (10240K)
 Metaspace       used 143058K, committed 144512K, reserved 1179648K
  class space    used 19158K, committed 19840K, reserved 1048576K
}
Event: 5382.526 GC heap before
{Heap before GC invocations=78 (full 0):
 garbage-first heap   total 331776K, used 156776K [0x0000000080000000, 0x0000000100000000)
  region size 1024K, 16 young (16384K), 10 survivors (10240K)
 Metaspace       used 143059K, committed 144512K, reserved 1179648K
  class space    used 19158K, committed 19840K, reserved 1048576K
}
Event: 5382.542 GC heap after
{Heap after GC invocations=79 (full 0):
 garbage-first heap   total 331776K, used 138474K [0x0000000080000000, 0x0000000100000000)
  region size 1024K, 2 young (2048K), 2 survivors (2048K)
 Metaspace       used 143059K, committed 144512K, reserved 1179648K
  class space    used 19158K, committed 19840K, reserved 1048576K
}
Event: 6442.778 GC heap before
{Heap before GC invocations=79 (full 0):
 garbage-first heap   total 331776K, used 268522K [0x0000000080000000, 0x0000000100000000)
  region size 1024K, 129 young (132096K), 2 survivors (2048K)
 Metaspace       used 143187K, committed 144640K, reserved 1179648K
  class space    used 19161K, committed 19840K, reserved 1048576K
}
Event: 6442.792 GC heap after
{Heap after GC invocations=80 (full 0):
 garbage-first heap   total 331776K, used 148844K [0x0000000080000000, 0x0000000100000000)
  region size 1024K, 13 young (13312K), 13 survivors (13312K)
 Metaspace       used 143187K, committed 144640K, reserved 1179648K
  class space    used 19161K, committed 19840K, reserved 1048576K
}
Event: 6444.065 GC heap before
{Heap before GC invocations=81 (full 0):
 garbage-first heap   total 331776K, used 266604K [0x0000000080000000, 0x0000000100000000)
  region size 1024K, 129 young (132096K), 13 survivors (13312K)
 Metaspace       used 147299K, committed 148736K, reserved 1179648K
  class space    used 19652K, committed 20352K, reserved 1048576K
}
Event: 6444.100 GC heap after
{Heap after GC invocations=82 (full 0):
 garbage-first heap   total 331776K, used 186175K [0x0000000080000000, 0x0000000100000000)
  region size 1024K, 17 young (17408K), 17 survivors (17408K)
 Metaspace       used 147299K, committed 148736K, reserved 1179648K
  class space    used 19652K, committed 20352K, reserved 1048576K
}
Event: 6444.111 GC heap before
{Heap before GC invocations=82 (full 0):
 garbage-first heap   total 331776K, used 187199K [0x0000000080000000, 0x0000000100000000)
  region size 1024K, 18 young (18432K), 17 survivors (17408K)
 Metaspace       used 147301K, committed 148736K, reserved 1179648K
  class space    used 19652K, committed 20352K, reserved 1048576K
}

