# JRE version: OpenJDK Runtime Environment (17.0.10) (build 17.0.10+0--11572160)
# Java VM: OpenJDK 64-Bit Server VM (17.0.10+0--11572160, mixed mode, tiered, compressed oops, compressed class ptrs, g1 gc, windows-amd64)
GC Precious Log:
 CPUs: 8 total, 8 available
 Memory: 8089M
 Large Page Support: Disabled
 NUMA Support: Disabled
 Compressed Oops: Enabled (32-bit)
 Heap Region Size: 1M
 Heap Min Capacity: 8M
 Heap Initial Capacity: 128M
 Heap Max Capacity: 2G
 Pre-touch: Disabled
 Parallel Workers: 8
 Concurrent Workers: 2
 Concurrent Refinement Workers: 8
 Periodic GC: Disabled
Heap:
 garbage-first heap   total 402432K, used 305592K [0x0000000080000000, 0x0000000100000000)
  region size 1024K, 103 young (105472K), 16 survivors (16384K)
 Metaspace       used 124132K, committed 124992K, reserved 1179648K
  class space    used 16638K, committed 17024K, reserved 1048576K
GC Heap History (20 events):
Event: 19.073 GC heap before
{Heap before GC invocations=41 (full 0):
 garbage-first heap   total 293888K, used 235561K [0x0000000080000000, 0x0000000100000000)
  region size 1024K, 97 young (99328K), 18 survivors (18432K)
 Metaspace       used 108878K, committed 109696K, reserved 1179648K
  class space    used 14887K, committed 15296K, reserved 1048576K
}
Event: 19.100 GC heap after
{Heap after GC invocations=42 (full 0):
 garbage-first heap   total 293888K, used 164864K [0x0000000080000000, 0x0000000100000000)
  region size 1024K, 13 young (13312K), 13 survivors (13312K)
 Metaspace       used 108878K, committed 109696K, reserved 1179648K
  class space    used 14887K, committed 15296K, reserved 1048576K
}
Event: 20.330 GC heap before
{Heap before GC invocations=42 (full 0):
 garbage-first heap   total 293888K, used 224256K [0x0000000080000000, 0x0000000100000000)
  region size 1024K, 71 young (72704K), 13 survivors (13312K)
 Metaspace       used 111097K, committed 111936K, reserved 1179648K
  class space    used 15158K, committed 15552K, reserved 1048576K
}
Event: 20.350 GC heap after
{Heap after GC invocations=43 (full 0):
 garbage-first heap   total 293888K, used 177152K [0x0000000080000000, 0x0000000100000000)
  region size 1024K, 9 young (9216K), 9 survivors (9216K)
 Metaspace       used 111097K, committed 111936K, reserved 1179648K
  class space    used 15158K, committed 15552K, reserved 1048576K
}
Event: 21.114 GC heap before
{Heap before GC invocations=43 (full 0):
 garbage-first heap   total 293888K, used 260096K [0x0000000080000000, 0x0000000100000000)
  region size 1024K, 61 young (62464K), 9 survivors (9216K)
 Metaspace       used 111682K, committed 112512K, reserved 1179648K
  class space    used 15219K, committed 15616K, reserved 1048576K
}
Event: 21.132 GC heap after
{Heap after GC invocations=44 (full 0):
 garbage-first heap   total 293888K, used 181925K [0x0000000080000000, 0x0000000100000000)
  region size 1024K, 4 young (4096K), 4 survivors (4096K)
 Metaspace       used 111682K, committed 112512K, reserved 1179648K
  class space    used 15219K, committed 15616K, reserved 1048576K
}
Event: 21.300 GC heap before
{Heap before GC invocations=44 (full 0):
 garbage-first heap   total 293888K, used 234149K [0x0000000080000000, 0x0000000100000000)
  region size 1024K, 56 young (57344K), 4 survivors (4096K)
 Metaspace       used 112072K, committed 112896K, reserved 1179648K
  class space    used 15252K, committed 15680K, reserved 1048576K
}
Event: 21.311 GC heap after
{Heap after GC invocations=45 (full 0):
 garbage-first heap   total 293888K, used 191488K [0x0000000080000000, 0x0000000100000000)
  region size 1024K, 7 young (7168K), 7 survivors (7168K)
 Metaspace       used 112072K, committed 112896K, reserved 1179648K
  class space    used 15252K, committed 15680K, reserved 1048576K
}
Event: 21.627 GC heap before
{Heap before GC invocations=45 (full 0):
 garbage-first heap   total 293888K, used 238592K [0x0000000080000000, 0x0000000100000000)
  region size 1024K, 54 young (55296K), 7 survivors (7168K)
 Metaspace       used 114864K, committed 115648K, reserved 1179648K
  class space    used 15556K, committed 15936K, reserved 1048576K
}
Event: 21.636 GC heap after
{Heap after GC invocations=46 (full 0):
 garbage-first heap   total 293888K, used 197723K [0x0000000080000000, 0x0000000100000000)
  region size 1024K, 6 young (6144K), 6 survivors (6144K)
 Metaspace       used 114864K, committed 115648K, reserved 1179648K
  class space    used 15556K, committed 15936K, reserved 1048576K
}
Event: 21.880 GC heap before
{Heap before GC invocations=46 (full 0):
 garbage-first heap   total 293888K, used 241755K [0x0000000080000000, 0x0000000100000000)
  region size 1024K, 49 young (50176K), 6 survivors (6144K)
 Metaspace       used 115101K, committed 115840K, reserved 1179648K
  class space    used 15560K, committed 15936K, reserved 1048576K
}
Event: 21.889 GC heap after
{Heap after GC invocations=47 (full 0):
 garbage-first heap   total 402432K, used 200296K [0x0000000080000000, 0x0000000100000000)
  region size 1024K, 4 young (4096K), 4 survivors (4096K)
 Metaspace       used 115101K, committed 115840K, reserved 1179648K
  class space    used 15560K, committed 15936K, reserved 1048576K
}
Event: 22.350 GC heap before
{Heap before GC invocations=47 (full 0):
 garbage-first heap   total 402432K, used 313960K [0x0000000080000000, 0x0000000100000000)
  region size 1024K, 116 young (118784K), 4 survivors (4096K)
 Metaspace       used 116089K, committed 116928K, reserved 1179648K
  class space    used 15651K, committed 16064K, reserved 1048576K
}
Event: 22.358 GC heap after
{Heap after GC invocations=48 (full 0):
 garbage-first heap   total 402432K, used 202585K [0x0000000080000000, 0x0000000100000000)
  region size 1024K, 6 young (6144K), 6 survivors (6144K)
 Metaspace       used 116089K, committed 116928K, reserved 1179648K
  class space    used 15651K, committed 16064K, reserved 1048576K
}
Event: 23.218 GC heap before
{Heap before GC invocations=48 (full 0):
 garbage-first heap   total 402432K, used 320345K [0x0000000080000000, 0x0000000100000000)
  region size 1024K, 122 young (124928K), 6 survivors (6144K)
 Metaspace       used 117144K, committed 118016K, reserved 1179648K
  class space    used 15753K, committed 16192K, reserved 1048576K
}
Event: 23.228 GC heap after
{Heap after GC invocations=49 (full 0):
 garbage-first heap   total 402432K, used 205284K [0x0000000080000000, 0x0000000100000000)
  region size 1024K, 9 young (9216K), 9 survivors (9216K)
 Metaspace       used 117144K, committed 118016K, reserved 1179648K
  class space    used 15753K, committed 16192K, reserved 1048576K
}
Event: 24.334 GC heap before
{Heap before GC invocations=49 (full 0):
 garbage-first heap   total 402432K, used 325092K [0x0000000080000000, 0x0000000100000000)
  region size 1024K, 127 young (130048K), 9 survivors (9216K)
 Metaspace       used 117416K, committed 118208K, reserved 1179648K
  class space    used 15781K, committed 16192K, reserved 1048576K
}
Event: 24.347 GC heap after
{Heap after GC invocations=50 (full 0):
 garbage-first heap   total 402432K, used 210645K [0x0000000080000000, 0x0000000100000000)
  region size 1024K, 14 young (14336K), 14 survivors (14336K)
 Metaspace       used 117416K, committed 118208K, reserved 1179648K
  class space    used 15781K, committed 16192K, reserved 1048576K
}
Event: 27.476 GC heap before
{Heap before GC invocations=50 (full 0):
 garbage-first heap   total 402432K, used 328405K [0x0000000080000000, 0x0000000100000000)
  region size 1024K, 130 young (133120K), 14 survivors (14336K)
 Metaspace       used 119881K, committed 120704K, reserved 1179648K
  class space    used 16069K, committed 16448K, reserved 1048576K
}
Event: 27.491 GC heap after
{Heap after GC invocations=51 (full 0):
 garbage-first heap   total 402432K, used 218552K [0x0000000080000000, 0x0000000100000000)
  region size 1024K, 16 young (16384K), 16 survivors (16384K)
 Metaspace       used 119881K, committed 120704K, reserved 1179648K
  class space    used 16069K, committed 16448K, reserved 1048576K
}

