# JRE version: OpenJDK Runtime Environment (17.0.10) (build 17.0.10+0--11572160)
# Java VM: OpenJDK 64-Bit Server VM (17.0.10+0--11572160, mixed mode, tiered, compressed oops, compressed class ptrs, g1 gc, windows-amd64)
GC Precious Log:
 CPUs: 8 total, 8 available
 Memory: 8089M
 Large Page Support: Disabled
 NUMA Support: Disabled
 Compressed Oops: Enabled (32-bit)
 Heap Region Size: 1M
 Heap Min Capacity: 8M
 Heap Initial Capacity: 128M
 Heap Max Capacity: 2G
 Pre-touch: Disabled
 Parallel Workers: 8
 Concurrent Workers: 2
 Concurrent Refinement Workers: 8
 Periodic GC: Disabled
Heap:
 garbage-first heap   total 217088K, used 171550K [0x0000000080000000, 0x0000000100000000)
  region size 1024K, 41 young (41984K), 7 survivors (7168K)
 Metaspace       used 121590K, committed 122496K, reserved 1179648K
  class space    used 16400K, committed 16832K, reserved 1048576K
GC Heap History (20 events):
Event: 17.632 GC heap before
{Heap before GC invocations=40 (full 0):
 garbage-first heap   total 217088K, used 171188K [0x0000000080000000, 0x0000000100000000)
  region size 1024K, 62 young (63488K), 2 survivors (2048K)
 Metaspace       used 106012K, committed 106816K, reserved 1179648K
  class space    used 14616K, committed 14976K, reserved 1048576K
}
Event: 17.637 GC heap after
{Heap after GC invocations=41 (full 0):
 garbage-first heap   total 217088K, used 112364K [0x0000000080000000, 0x0000000100000000)
  region size 1024K, 5 young (5120K), 5 survivors (5120K)
 Metaspace       used 106012K, committed 106816K, reserved 1179648K
  class space    used 14616K, committed 14976K, reserved 1048576K
}
Event: 18.145 GC heap before
{Heap before GC invocations=41 (full 0):
 garbage-first heap   total 217088K, used 172780K [0x0000000080000000, 0x0000000100000000)
  region size 1024K, 64 young (65536K), 5 survivors (5120K)
 Metaspace       used 106341K, committed 107136K, reserved 1179648K
  class space    used 14642K, committed 15040K, reserved 1048576K
}
Event: 18.151 GC heap after
{Heap after GC invocations=42 (full 0):
 garbage-first heap   total 217088K, used 114244K [0x0000000080000000, 0x0000000100000000)
  region size 1024K, 5 young (5120K), 5 survivors (5120K)
 Metaspace       used 106341K, committed 107136K, reserved 1179648K
  class space    used 14642K, committed 15040K, reserved 1048576K
}
Event: 18.931 GC heap before
{Heap before GC invocations=42 (full 0):
 garbage-first heap   total 217088K, used 173636K [0x0000000080000000, 0x0000000100000000)
  region size 1024K, 64 young (65536K), 5 survivors (5120K)
 Metaspace       used 108886K, committed 109632K, reserved 1179648K
  class space    used 14963K, committed 15360K, reserved 1048576K
}
Event: 18.940 GC heap after
{Heap after GC invocations=43 (full 0):
 garbage-first heap   total 217088K, used 118116K [0x0000000080000000, 0x0000000100000000)
  region size 1024K, 8 young (8192K), 8 survivors (8192K)
 Metaspace       used 108886K, committed 109632K, reserved 1179648K
  class space    used 14963K, committed 15360K, reserved 1048576K
}
Event: 19.309 GC heap before
{Heap before GC invocations=43 (full 0):
 garbage-first heap   total 217088K, used 175460K [0x0000000080000000, 0x0000000100000000)
  region size 1024K, 65 young (66560K), 8 survivors (8192K)
 Metaspace       used 109047K, committed 109888K, reserved 1179648K
  class space    used 14985K, committed 15424K, reserved 1048576K
}
Event: 19.320 GC heap after
{Heap after GC invocations=44 (full 0):
 garbage-first heap   total 217088K, used 119649K [0x0000000080000000, 0x0000000100000000)
  region size 1024K, 4 young (4096K), 4 survivors (4096K)
 Metaspace       used 109047K, committed 109888K, reserved 1179648K
  class space    used 14985K, committed 15424K, reserved 1048576K
}
Event: 21.096 GC heap before
{Heap before GC invocations=44 (full 0):
 garbage-first heap   total 217088K, used 176993K [0x0000000080000000, 0x0000000100000000)
  region size 1024K, 61 young (62464K), 4 survivors (4096K)
 Metaspace       used 110052K, committed 110912K, reserved 1179648K
  class space    used 15120K, committed 15552K, reserved 1048576K
}
Event: 21.100 GC heap after
{Heap after GC invocations=45 (full 0):
 garbage-first heap   total 217088K, used 121214K [0x0000000080000000, 0x0000000100000000)
  region size 1024K, 6 young (6144K), 6 survivors (6144K)
 Metaspace       used 110052K, committed 110912K, reserved 1179648K
  class space    used 15120K, committed 15552K, reserved 1048576K
}
Event: 21.569 GC heap before
{Heap before GC invocations=45 (full 0):
 garbage-first heap   total 217088K, used 177534K [0x0000000080000000, 0x0000000100000000)
  region size 1024K, 62 young (63488K), 6 survivors (6144K)
 Metaspace       used 111072K, committed 111936K, reserved 1179648K
  class space    used 15236K, committed 15680K, reserved 1048576K
}
Event: 21.576 GC heap after
{Heap after GC invocations=46 (full 0):
 garbage-first heap   total 217088K, used 124236K [0x0000000080000000, 0x0000000100000000)
  region size 1024K, 7 young (7168K), 7 survivors (7168K)
 Metaspace       used 111072K, committed 111936K, reserved 1179648K
  class space    used 15236K, committed 15680K, reserved 1048576K
}
Event: 22.210 GC heap before
{Heap before GC invocations=46 (full 0):
 garbage-first heap   total 217088K, used 176460K [0x0000000080000000, 0x0000000100000000)
  region size 1024K, 59 young (60416K), 7 survivors (7168K)
 Metaspace       used 113341K, committed 114240K, reserved 1179648K
  class space    used 15509K, committed 15936K, reserved 1048576K
}
Event: 22.218 GC heap after
{Heap after GC invocations=47 (full 0):
 garbage-first heap   total 217088K, used 127868K [0x0000000080000000, 0x0000000100000000)
  region size 1024K, 6 young (6144K), 6 survivors (6144K)
 Metaspace       used 113341K, committed 114240K, reserved 1179648K
  class space    used 15509K, committed 15936K, reserved 1048576K
}
Event: 35.004 GC heap before
{Heap before GC invocations=47 (full 0):
 garbage-first heap   total 217088K, used 177020K [0x0000000080000000, 0x0000000100000000)
  region size 1024K, 55 young (56320K), 6 survivors (6144K)
 Metaspace       used 118741K, committed 119616K, reserved 1179648K
  class space    used 16184K, committed 16640K, reserved 1048576K
}
Event: 35.018 GC heap after
{Heap after GC invocations=48 (full 0):
 garbage-first heap   total 217088K, used 129518K [0x0000000080000000, 0x0000000100000000)
  region size 1024K, 3 young (3072K), 3 survivors (3072K)
 Metaspace       used 118741K, committed 119616K, reserved 1179648K
  class space    used 16184K, committed 16640K, reserved 1048576K
}
Event: 77.437 GC heap before
{Heap before GC invocations=48 (full 0):
 garbage-first heap   total 217088K, used 178670K [0x0000000080000000, 0x0000000100000000)
  region size 1024K, 52 young (53248K), 3 survivors (3072K)
 Metaspace       used 120982K, committed 121920K, reserved 1179648K
  class space    used 16378K, committed 16832K, reserved 1048576K
}
Event: 77.442 GC heap after
{Heap after GC invocations=49 (full 0):
 garbage-first heap   total 217088K, used 132452K [0x0000000080000000, 0x0000000100000000)
  region size 1024K, 5 young (5120K), 5 survivors (5120K)
 Metaspace       used 120982K, committed 121920K, reserved 1179648K
  class space    used 16378K, committed 16832K, reserved 1048576K
}
Event: 78.152 GC heap before
{Heap before GC invocations=49 (full 0):
 garbage-first heap   total 217088K, used 180580K [0x0000000080000000, 0x0000000100000000)
  region size 1024K, 52 young (53248K), 5 survivors (5120K)
 Metaspace       used 121435K, committed 122304K, reserved 1179648K
  class space    used 16392K, committed 16832K, reserved 1048576K
}
Event: 78.161 GC heap after
{Heap after GC invocations=50 (full 0):
 garbage-first heap   total 217088K, used 138782K [0x0000000080000000, 0x0000000100000000)
  region size 1024K, 7 young (7168K), 7 survivors (7168K)
 Metaspace       used 121435K, committed 122304K, reserved 1179648K
  class space    used 16392K, committed 16832K, reserved 1048576K
}

