# JRE version: OpenJDK Runtime Environment (17.0.10) (build 17.0.10+0--11572160)
# Java VM: OpenJDK 64-Bit Server VM (17.0.10+0--11572160, mixed mode, tiered, compressed oops, compressed class ptrs, g1 gc, windows-amd64)
GC Precious Log:
 CPUs: 8 total, 8 available
 Memory: 8089M
 Large Page Support: Disabled
 NUMA Support: Disabled
 Compressed Oops: Enabled (32-bit)
 Heap Region Size: 1M
 Heap Min Capacity: 8M
 Heap Initial Capacity: 128M
 Heap Max Capacity: 2G
 Pre-touch: Disabled
 Parallel Workers: 8
 Concurrent Workers: 2
 Concurrent Refinement Workers: 8
 Periodic GC: Disabled
Heap:
 garbage-first heap   total 382976K, used 333824K [0x0000000080000000, 0x0000000100000000)
  region size 1024K, 3 young (3072K), 3 survivors (3072K)
 Metaspace       used 150264K, committed 151296K, reserved 1179648K
  class space    used 20614K, committed 21120K, reserved 1048576K
GC Heap History (20 events):
Event: 52.893 GC heap after
{Heap after GC invocations=59 (full 0):
 garbage-first heap   total 382976K, used 258921K [0x0000000080000000, 0x0000000100000000)
  region size 1024K, 9 young (9216K), 9 survivors (9216K)
 Metaspace       used 134481K, committed 135424K, reserved 1179648K
  class space    used 18015K, committed 18496K, reserved 1048576K
}
Event: 53.580 GC heap before
{Heap before GC invocations=59 (full 0):
 garbage-first heap   total 382976K, used 315241K [0x0000000080000000, 0x0000000100000000)
  region size 1024K, 65 young (66560K), 9 survivors (9216K)
 Metaspace       used 141188K, committed 142208K, reserved 1179648K
  class space    used 19169K, committed 19712K, reserved 1048576K
}
Event: 53.590 GC heap after
{Heap after GC invocations=60 (full 0):
 garbage-first heap   total 382976K, used 261475K [0x0000000080000000, 0x0000000100000000)
  region size 1024K, 3 young (3072K), 3 survivors (3072K)
 Metaspace       used 141188K, committed 142208K, reserved 1179648K
  class space    used 19169K, committed 19712K, reserved 1048576K
}
Event: 54.110 GC heap before
{Heap before GC invocations=60 (full 0):
 garbage-first heap   total 382976K, used 318819K [0x0000000080000000, 0x0000000100000000)
  region size 1024K, 60 young (61440K), 3 survivors (3072K)
 Metaspace       used 143950K, committed 144960K, reserved 1179648K
  class space    used 19528K, committed 20032K, reserved 1048576K
}
Event: 54.116 GC heap after
{Heap after GC invocations=61 (full 0):
 garbage-first heap   total 382976K, used 261700K [0x0000000080000000, 0x0000000100000000)
  region size 1024K, 4 young (4096K), 4 survivors (4096K)
 Metaspace       used 143950K, committed 144960K, reserved 1179648K
  class space    used 19528K, committed 20032K, reserved 1048576K
}
Event: 54.804 GC heap before
{Heap before GC invocations=61 (full 0):
 garbage-first heap   total 382976K, used 322116K [0x0000000080000000, 0x0000000100000000)
  region size 1024K, 63 young (64512K), 4 survivors (4096K)
 Metaspace       used 146968K, committed 147968K, reserved 1179648K
  class space    used 20153K, committed 20672K, reserved 1048576K
}
Event: 54.816 GC heap after
{Heap after GC invocations=62 (full 0):
 garbage-first heap   total 382976K, used 269552K [0x0000000080000000, 0x0000000100000000)
  region size 1024K, 8 young (8192K), 8 survivors (8192K)
 Metaspace       used 146968K, committed 147968K, reserved 1179648K
  class space    used 20153K, committed 20672K, reserved 1048576K
}
Event: 55.929 GC heap before
{Heap before GC invocations=62 (full 0):
 garbage-first heap   total 382976K, used 347376K [0x0000000080000000, 0x0000000100000000)
  region size 1024K, 60 young (61440K), 8 survivors (8192K)
 Metaspace       used 149633K, committed 150656K, reserved 1179648K
  class space    used 20583K, committed 21120K, reserved 1048576K
}
Event: 55.940 GC heap after
{Heap after GC invocations=63 (full 0):
 garbage-first heap   total 382976K, used 268405K [0x0000000080000000, 0x0000000100000000)
  region size 1024K, 3 young (3072K), 3 survivors (3072K)
 Metaspace       used 149633K, committed 150656K, reserved 1179648K
  class space    used 20583K, committed 21120K, reserved 1048576K
}
Event: 324.088 GC heap before
{Heap before GC invocations=63 (full 0):
 garbage-first heap   total 382976K, used 324725K [0x0000000080000000, 0x0000000100000000)
  region size 1024K, 58 young (59392K), 3 survivors (3072K)
 Metaspace       used 150031K, committed 151040K, reserved 1179648K
  class space    used 20610K, committed 21120K, reserved 1048576K
}
Event: 324.097 GC heap after
{Heap after GC invocations=64 (full 0):
 garbage-first heap   total 382976K, used 273146K [0x0000000080000000, 0x0000000100000000)
  region size 1024K, 8 young (8192K), 8 survivors (8192K)
 Metaspace       used 150031K, committed 151040K, reserved 1179648K
  class space    used 20610K, committed 21120K, reserved 1048576K
}
Event: 324.705 GC heap before
{Heap before GC invocations=64 (full 0):
 garbage-first heap   total 382976K, used 328442K [0x0000000080000000, 0x0000000100000000)
  region size 1024K, 59 young (60416K), 8 survivors (8192K)
 Metaspace       used 150208K, committed 151232K, reserved 1179648K
  class space    used 20614K, committed 21120K, reserved 1048576K
}
Event: 324.727 GC heap after
{Heap after GC invocations=65 (full 0):
 garbage-first heap   total 382976K, used 293401K [0x0000000080000000, 0x0000000100000000)
  region size 1024K, 8 young (8192K), 8 survivors (8192K)
 Metaspace       used 150208K, committed 151232K, reserved 1179648K
  class space    used 20614K, committed 21120K, reserved 1048576K
}
Event: 324.798 GC heap before
{Heap before GC invocations=65 (full 0):
 garbage-first heap   total 382976K, used 319001K [0x0000000080000000, 0x0000000100000000)
  region size 1024K, 33 young (33792K), 8 survivors (8192K)
 Metaspace       used 150246K, committed 151296K, reserved 1179648K
  class space    used 20614K, committed 21120K, reserved 1048576K
}
Event: 324.818 GC heap after
{Heap after GC invocations=66 (full 0):
 garbage-first heap   total 382976K, used 313344K [0x0000000080000000, 0x0000000100000000)
  region size 1024K, 5 young (5120K), 5 survivors (5120K)
 Metaspace       used 150246K, committed 151296K, reserved 1179648K
  class space    used 20614K, committed 21120K, reserved 1048576K
}
Event: 324.892 GC heap before
{Heap before GC invocations=66 (full 0):
 garbage-first heap   total 382976K, used 325632K [0x0000000080000000, 0x0000000100000000)
  region size 1024K, 18 young (18432K), 5 survivors (5120K)
 Metaspace       used 150250K, committed 151296K, reserved 1179648K
  class space    used 20614K, committed 21120K, reserved 1048576K
}
Event: 324.912 GC heap after
{Heap after GC invocations=67 (full 0):
 garbage-first heap   total 382976K, used 319458K [0x0000000080000000, 0x0000000100000000)
  region size 1024K, 3 young (3072K), 3 survivors (3072K)
 Metaspace       used 150250K, committed 151296K, reserved 1179648K
  class space    used 20614K, committed 21120K, reserved 1048576K
}
Event: 325.046 GC heap before
{Heap before GC invocations=67 (full 0):
 garbage-first heap   total 382976K, used 334818K [0x0000000080000000, 0x0000000100000000)
  region size 1024K, 18 young (18432K), 3 survivors (3072K)
 Metaspace       used 150257K, committed 151296K, reserved 1179648K
  class space    used 20614K, committed 21120K, reserved 1048576K
}
Event: 325.055 GC heap after
{Heap after GC invocations=68 (full 0):
 garbage-first heap   total 382976K, used 323584K [0x0000000080000000, 0x0000000100000000)
  region size 1024K, 3 young (3072K), 3 survivors (3072K)
 Metaspace       used 150257K, committed 151296K, reserved 1179648K
  class space    used 20614K, committed 21120K, reserved 1048576K
}
Event: 325.114 GC heap before
{Heap before GC invocations=68 (full 0):
 garbage-first heap   total 382976K, used 334848K [0x0000000080000000, 0x0000000100000000)
  region size 1024K, 15 young (15360K), 3 survivors (3072K)
 Metaspace       used 150264K, committed 151296K, reserved 1179648K
  class space    used 20614K, committed 21120K, reserved 1048576K
}

