# JRE version: OpenJDK Runtime Environment (17.0.10) (build 17.0.10+0--11572160)
# Java VM: OpenJDK 64-Bit Server VM (17.0.10+0--11572160, mixed mode, tiered, compressed oops, compressed class ptrs, g1 gc, windows-amd64)
GC Precious Log:
 CPUs: 8 total, 8 available
 Memory: 8089M
 Large Page Support: Disabled
 NUMA Support: Disabled
 Compressed Oops: Enabled (32-bit)
 Heap Region Size: 1M
 Heap Min Capacity: 8M
 Heap Initial Capacity: 128M
 Heap Max Capacity: 2024M
 Pre-touch: Disabled
 Parallel Workers: 8
 Concurrent Workers: 2
 Concurrent Refinement Workers: 8
 Periodic GC: Disabled
Heap:
 garbage-first heap   total 108544K, used 56740K [0x0000000081800000, 0x0000000100000000)
  region size 1024K, 10 young (10240K), 1 survivors (1024K)
 Metaspace       used 60034K, committed 60224K, reserved 1114112K
  class space    used 7087K, committed 7168K, reserved 1048576K
GC Heap History (20 events):
Event: 1.619 GC heap before
{Heap before GC invocations=8 (full 0):
 garbage-first heap   total 81920K, used 18883K [0x0000000081800000, 0x0000000100000000)
  region size 1024K, 4 young (4096K), 1 survivors (1024K)
 Metaspace       used 27691K, committed 27840K, reserved 1114112K
  class space    used 3538K, committed 3584K, reserved 1048576K
}
Event: 1.629 GC heap after
{Heap after GC invocations=9 (full 0):
 garbage-first heap   total 81920K, used 16384K [0x0000000081800000, 0x0000000100000000)
  region size 1024K, 1 young (1024K), 1 survivors (1024K)
 Metaspace       used 27691K, committed 27840K, reserved 1114112K
  class space    used 3538K, committed 3584K, reserved 1048576K
}
Event: 2.110 GC heap before
{Heap before GC invocations=9 (full 0):
 garbage-first heap   total 81920K, used 47104K [0x0000000081800000, 0x0000000100000000)
  region size 1024K, 31 young (31744K), 1 survivors (1024K)
 Metaspace       used 33989K, committed 34240K, reserved 1114112K
  class space    used 4140K, committed 4288K, reserved 1048576K
}
Event: 2.117 GC heap after
{Heap after GC invocations=10 (full 0):
 garbage-first heap   total 81920K, used 17861K [0x0000000081800000, 0x0000000100000000)
  region size 1024K, 4 young (4096K), 4 survivors (4096K)
 Metaspace       used 33989K, committed 34240K, reserved 1114112K
  class space    used 4140K, committed 4288K, reserved 1048576K
}
Event: 2.698 GC heap before
{Heap before GC invocations=10 (full 0):
 garbage-first heap   total 81920K, used 53701K [0x0000000081800000, 0x0000000100000000)
  region size 1024K, 38 young (38912K), 4 survivors (4096K)
 Metaspace       used 40654K, committed 40832K, reserved 1114112K
  class space    used 4929K, committed 4992K, reserved 1048576K
}
Event: 2.710 GC heap after
{Heap after GC invocations=11 (full 0):
 garbage-first heap   total 81920K, used 21974K [0x0000000081800000, 0x0000000100000000)
  region size 1024K, 4 young (4096K), 4 survivors (4096K)
 Metaspace       used 40654K, committed 40832K, reserved 1114112K
  class space    used 4929K, committed 4992K, reserved 1048576K
}
Event: 2.927 GC heap before
{Heap before GC invocations=11 (full 0):
 garbage-first heap   total 81920K, used 44502K [0x0000000081800000, 0x0000000100000000)
  region size 1024K, 27 young (27648K), 4 survivors (4096K)
 Metaspace       used 42003K, committed 42176K, reserved 1114112K
  class space    used 5058K, committed 5120K, reserved 1048576K
}
Event: 2.938 GC heap after
{Heap after GC invocations=12 (full 0):
 garbage-first heap   total 130048K, used 22457K [0x0000000081800000, 0x0000000100000000)
  region size 1024K, 2 young (2048K), 2 survivors (2048K)
 Metaspace       used 42003K, committed 42176K, reserved 1114112K
  class space    used 5058K, committed 5120K, reserved 1048576K
}
Event: 4.180 GC heap before
{Heap before GC invocations=13 (full 0):
 garbage-first heap   total 86016K, used 74681K [0x0000000081800000, 0x0000000100000000)
  region size 1024K, 52 young (53248K), 2 survivors (2048K)
 Metaspace       used 50322K, committed 50496K, reserved 1114112K
  class space    used 6014K, committed 6080K, reserved 1048576K
}
Event: 4.197 GC heap after
{Heap after GC invocations=14 (full 0):
 garbage-first heap   total 86016K, used 32155K [0x0000000081800000, 0x0000000100000000)
  region size 1024K, 9 young (9216K), 9 survivors (9216K)
 Metaspace       used 50322K, committed 50496K, reserved 1114112K
  class space    used 6014K, committed 6080K, reserved 1048576K
}
Event: 4.723 GC heap before
{Heap before GC invocations=14 (full 0):
 garbage-first heap   total 86016K, used 61851K [0x0000000081800000, 0x0000000100000000)
  region size 1024K, 38 young (38912K), 9 survivors (9216K)
 Metaspace       used 50997K, committed 51200K, reserved 1114112K
  class space    used 6031K, committed 6144K, reserved 1048576K
}
Event: 4.747 GC heap after
{Heap after GC invocations=15 (full 0):
 garbage-first heap   total 86016K, used 37414K [0x0000000081800000, 0x0000000100000000)
  region size 1024K, 5 young (5120K), 5 survivors (5120K)
 Metaspace       used 50997K, committed 51200K, reserved 1114112K
  class space    used 6031K, committed 6144K, reserved 1048576K
}
Event: 5.184 GC heap before
{Heap before GC invocations=15 (full 0):
 garbage-first heap   total 86016K, used 61990K [0x0000000081800000, 0x0000000100000000)
  region size 1024K, 30 young (30720K), 5 survivors (5120K)
 Metaspace       used 53767K, committed 53952K, reserved 1114112K
  class space    used 6454K, committed 6528K, reserved 1048576K
}
Event: 5.199 GC heap after
{Heap after GC invocations=16 (full 0):
 garbage-first heap   total 86016K, used 41049K [0x0000000081800000, 0x0000000100000000)
  region size 1024K, 3 young (3072K), 3 survivors (3072K)
 Metaspace       used 53767K, committed 53952K, reserved 1114112K
  class space    used 6454K, committed 6528K, reserved 1048576K
}
Event: 5.933 GC heap before
{Heap before GC invocations=16 (full 0):
 garbage-first heap   total 86016K, used 64601K [0x0000000081800000, 0x0000000100000000)
  region size 1024K, 26 young (26624K), 3 survivors (3072K)
 Metaspace       used 56488K, committed 56704K, reserved 1114112K
  class space    used 6772K, committed 6848K, reserved 1048576K
}
Event: 5.944 GC heap after
{Heap after GC invocations=17 (full 0):
 garbage-first heap   total 86016K, used 44228K [0x0000000081800000, 0x0000000100000000)
  region size 1024K, 4 young (4096K), 4 survivors (4096K)
 Metaspace       used 56488K, committed 56704K, reserved 1114112K
  class space    used 6772K, committed 6848K, reserved 1048576K
}
Event: 6.586 GC heap before
{Heap before GC invocations=18 (full 0):
 garbage-first heap   total 86016K, used 65732K [0x0000000081800000, 0x0000000100000000)
  region size 1024K, 25 young (25600K), 4 survivors (4096K)
 Metaspace       used 58263K, committed 58496K, reserved 1114112K
  class space    used 6936K, committed 7040K, reserved 1048576K
}
Event: 6.602 GC heap after
{Heap after GC invocations=19 (full 0):
 garbage-first heap   total 86016K, used 48211K [0x0000000081800000, 0x0000000100000000)
  region size 1024K, 4 young (4096K), 4 survivors (4096K)
 Metaspace       used 58263K, committed 58496K, reserved 1114112K
  class space    used 6936K, committed 7040K, reserved 1048576K
}
Event: 6.652 GC heap before
{Heap before GC invocations=19 (full 0):
 garbage-first heap   total 86016K, used 49235K [0x0000000081800000, 0x0000000100000000)
  region size 1024K, 5 young (5120K), 4 survivors (4096K)
 Metaspace       used 58466K, committed 58688K, reserved 1114112K
  class space    used 6956K, committed 7040K, reserved 1048576K
}
Event: 6.666 GC heap after
{Heap after GC invocations=20 (full 0):
 garbage-first heap   total 108544K, used 48548K [0x0000000081800000, 0x0000000100000000)
  region size 1024K, 1 young (1024K), 1 survivors (1024K)
 Metaspace       used 58466K, committed 58688K, reserved 1114112K
  class space    used 6956K, committed 7040K, reserved 1048576K
}

