# JRE version: OpenJDK Runtime Environment (17.0.10) (build 17.0.10+0--11572160)
# Java VM: OpenJDK 64-Bit Server VM (17.0.10+0--11572160, mixed mode, tiered, compressed oops, compressed class ptrs, g1 gc, windows-amd64)
GC Precious Log:
 CPUs: 8 total, 8 available
 Memory: 8089M
 Large Page Support: Disabled
 NUMA Support: Disabled
 Compressed Oops: Enabled (32-bit)
 Heap Region Size: 1M
 Heap Min Capacity: 8M
 Heap Initial Capacity: 128M
 Heap Max Capacity: 2G
 Pre-touch: Disabled
 Parallel Workers: 8
 Concurrent Workers: 2
 Concurrent Refinement Workers: 8
 Periodic GC: Disabled
Heap:
 garbage-first heap   total 371712K, used 319488K [0x0000000080000000, 0x0000000100000000)
  region size 1024K, 3 young (3072K), 3 survivors (3072K)
 Metaspace       used 129217K, committed 130176K, reserved 1179648K
  class space    used 17521K, committed 17984K, reserved 1048576K
GC Heap History (20 events):
Event: 25.103 GC heap after
{Heap after GC invocations=52 (full 0):
 garbage-first heap   total 309248K, used 208130K [0x0000000080000000, 0x0000000100000000)
  region size 1024K, 6 young (6144K), 6 survivors (6144K)
 Metaspace       used 115759K, committed 116608K, reserved 1179648K
  class space    used 15601K, committed 16000K, reserved 1048576K
}
Event: 25.477 GC heap before
{Heap before GC invocations=52 (full 0):
 garbage-first heap   total 309248K, used 259330K [0x0000000080000000, 0x0000000100000000)
  region size 1024K, 57 young (58368K), 6 survivors (6144K)
 Metaspace       used 116131K, committed 116928K, reserved 1179648K
  class space    used 15632K, committed 16000K, reserved 1048576K
}
Event: 25.483 GC heap after
{Heap after GC invocations=53 (full 0):
 garbage-first heap   total 371712K, used 206346K [0x0000000080000000, 0x0000000100000000)
  region size 1024K, 2 young (2048K), 2 survivors (2048K)
 Metaspace       used 116131K, committed 116928K, reserved 1179648K
  class space    used 15632K, committed 16000K, reserved 1048576K
}
Event: 27.037 GC heap before
{Heap before GC invocations=53 (full 0):
 garbage-first heap   total 371712K, used 308746K [0x0000000080000000, 0x0000000100000000)
  region size 1024K, 103 young (105472K), 2 survivors (2048K)
 Metaspace       used 119478K, committed 120320K, reserved 1179648K
  class space    used 15981K, committed 16384K, reserved 1048576K
}
Event: 27.046 GC heap after
{Heap after GC invocations=54 (full 0):
 garbage-first heap   total 371712K, used 212548K [0x0000000080000000, 0x0000000100000000)
  region size 1024K, 8 young (8192K), 8 survivors (8192K)
 Metaspace       used 119478K, committed 120320K, reserved 1179648K
  class space    used 15981K, committed 16384K, reserved 1048576K
}
Event: 28.549 GC heap before
{Heap before GC invocations=54 (full 0):
 garbage-first heap   total 371712K, used 310852K [0x0000000080000000, 0x0000000100000000)
  region size 1024K, 105 young (107520K), 8 survivors (8192K)
 Metaspace       used 121508K, committed 122368K, reserved 1179648K
  class space    used 16240K, committed 16640K, reserved 1048576K
}
Event: 28.561 GC heap after
{Heap after GC invocations=55 (full 0):
 garbage-first heap   total 371712K, used 217403K [0x0000000080000000, 0x0000000100000000)
  region size 1024K, 12 young (12288K), 12 survivors (12288K)
 Metaspace       used 121508K, committed 122368K, reserved 1179648K
  class space    used 16240K, committed 16640K, reserved 1048576K
}
Event: 29.480 GC heap before
{Heap before GC invocations=55 (full 0):
 garbage-first heap   total 371712K, used 310587K [0x0000000080000000, 0x0000000100000000)
  region size 1024K, 104 young (106496K), 12 survivors (12288K)
 Metaspace       used 122274K, committed 123200K, reserved 1179648K
  class space    used 16332K, committed 16768K, reserved 1048576K
}
Event: 29.493 GC heap after
{Heap after GC invocations=56 (full 0):
 garbage-first heap   total 371712K, used 221095K [0x0000000080000000, 0x0000000100000000)
  region size 1024K, 6 young (6144K), 6 survivors (6144K)
 Metaspace       used 122274K, committed 123200K, reserved 1179648K
  class space    used 16332K, committed 16768K, reserved 1048576K
}
Event: 30.844 GC heap before
{Heap before GC invocations=56 (full 0):
 garbage-first heap   total 371712K, used 337831K [0x0000000080000000, 0x0000000100000000)
  region size 1024K, 90 young (92160K), 6 survivors (6144K)
 Metaspace       used 126181K, committed 127040K, reserved 1179648K
  class space    used 16903K, committed 17344K, reserved 1048576K
}
Event: 30.853 GC heap after
{Heap after GC invocations=57 (full 0):
 garbage-first heap   total 371712K, used 255124K [0x0000000080000000, 0x0000000100000000)
  region size 1024K, 12 young (12288K), 12 survivors (12288K)
 Metaspace       used 126181K, committed 127040K, reserved 1179648K
  class space    used 16903K, committed 17344K, reserved 1048576K
}
Event: 31.399 GC heap before
{Heap before GC invocations=57 (full 0):
 garbage-first heap   total 371712K, used 331924K [0x0000000080000000, 0x0000000100000000)
  region size 1024K, 66 young (67584K), 12 survivors (12288K)
 Metaspace       used 126465K, committed 127424K, reserved 1179648K
  class space    used 16944K, committed 17408K, reserved 1048576K
}
Event: 31.428 GC heap after
{Heap after GC invocations=58 (full 0):
 garbage-first heap   total 371712K, used 284163K [0x0000000080000000, 0x0000000100000000)
  region size 1024K, 9 young (9216K), 9 survivors (9216K)
 Metaspace       used 126465K, committed 127424K, reserved 1179648K
  class space    used 16944K, committed 17408K, reserved 1048576K
}
Event: 31.775 GC heap before
{Heap before GC invocations=58 (full 0):
 garbage-first heap   total 371712K, used 312835K [0x0000000080000000, 0x0000000100000000)
  region size 1024K, 38 young (38912K), 9 survivors (9216K)
 Metaspace       used 128600K, committed 129600K, reserved 1179648K
  class space    used 17451K, committed 17920K, reserved 1048576K
}
Event: 31.792 GC heap after
{Heap after GC invocations=59 (full 0):
 garbage-first heap   total 371712K, used 291331K [0x0000000080000000, 0x0000000100000000)
  region size 1024K, 5 young (5120K), 5 survivors (5120K)
 Metaspace       used 128600K, committed 129600K, reserved 1179648K
  class space    used 17451K, committed 17920K, reserved 1048576K
}
Event: 31.970 GC heap before
{Heap before GC invocations=59 (full 0):
 garbage-first heap   total 371712K, used 315907K [0x0000000080000000, 0x0000000100000000)
  region size 1024K, 29 young (29696K), 5 survivors (5120K)
 Metaspace       used 129119K, committed 130048K, reserved 1179648K
  class space    used 17519K, committed 17984K, reserved 1048576K
}
Event: 31.988 GC heap after
{Heap after GC invocations=60 (full 0):
 garbage-first heap   total 371712K, used 303104K [0x0000000080000000, 0x0000000100000000)
  region size 1024K, 4 young (4096K), 4 survivors (4096K)
 Metaspace       used 129119K, committed 130048K, reserved 1179648K
  class space    used 17519K, committed 17984K, reserved 1048576K
}
Event: 32.063 GC heap before
{Heap before GC invocations=60 (full 0):
 garbage-first heap   total 371712K, used 317440K [0x0000000080000000, 0x0000000100000000)
  region size 1024K, 19 young (19456K), 4 survivors (4096K)
 Metaspace       used 129199K, committed 130176K, reserved 1179648K
  class space    used 17520K, committed 17984K, reserved 1048576K
}
Event: 32.083 GC heap after
{Heap after GC invocations=61 (full 0):
 garbage-first heap   total 371712K, used 311578K [0x0000000080000000, 0x0000000100000000)
  region size 1024K, 3 young (3072K), 3 survivors (3072K)
 Metaspace       used 129199K, committed 130176K, reserved 1179648K
  class space    used 17520K, committed 17984K, reserved 1048576K
}
Event: 32.141 GC heap before
{Heap before GC invocations=61 (full 0):
 garbage-first heap   total 371712K, used 325914K [0x0000000080000000, 0x0000000100000000)
  region size 1024K, 18 young (18432K), 3 survivors (3072K)
 Metaspace       used 129217K, committed 130176K, reserved 1179648K
  class space    used 17521K, committed 17984K, reserved 1048576K
}

