# JRE version: OpenJDK Runtime Environment (17.0.10) (build 17.0.10+0--11572160)
# Java VM: OpenJDK 64-Bit Server VM (17.0.10+0--11572160, mixed mode, tiered, compressed oops, compressed class ptrs, g1 gc, windows-amd64)
GC Precious Log:
 CPUs: 8 total, 8 available
 Memory: 8089M
 Large Page Support: Disabled
 NUMA Support: Disabled
 Compressed Oops: Enabled (32-bit)
 Heap Region Size: 1M
 Heap Min Capacity: 8M
 Heap Initial Capacity: 128M
 Heap Max Capacity: 2G
 Pre-touch: Disabled
 Parallel Workers: 8
 Concurrent Workers: 2
 Concurrent Refinement Workers: 8
 Periodic GC: Disabled
Heap:
 garbage-first heap   total 382976K, used 229766K [0x0000000080000000, 0x0000000100000000)
  region size 1024K, 3 young (3072K), 3 survivors (3072K)
 Metaspace       used 114477K, committed 115264K, reserved 1179648K
  class space    used 16011K, committed 16384K, reserved 1048576K
GC Heap History (20 events):
Event: 17.081 GC heap after
{Heap after GC invocations=37 (full 0):
 garbage-first heap   total 239616K, used 108358K [0x0000000080000000, 0x0000000100000000)
  region size 1024K, 2 young (2048K), 2 survivors (2048K)
 Metaspace       used 105223K, committed 106048K, reserved 1179648K
  class space    used 14519K, committed 14912K, reserved 1048576K
}
Event: 17.488 GC heap before
{Heap before GC invocations=37 (full 0):
 garbage-first heap   total 239616K, used 193350K [0x0000000080000000, 0x0000000100000000)
  region size 1024K, 85 young (87040K), 2 survivors (2048K)
 Metaspace       used 105537K, committed 106368K, reserved 1179648K
  class space    used 14569K, committed 14976K, reserved 1048576K
}
Event: 17.493 GC heap after
{Heap after GC invocations=38 (full 0):
 garbage-first heap   total 239616K, used 110406K [0x0000000080000000, 0x0000000100000000)
  region size 1024K, 4 young (4096K), 4 survivors (4096K)
 Metaspace       used 105537K, committed 106368K, reserved 1179648K
  class space    used 14569K, committed 14976K, reserved 1048576K
}
Event: 18.292 GC heap before
{Heap before GC invocations=39 (full 0):
 garbage-first heap   total 239616K, used 194374K [0x0000000080000000, 0x0000000100000000)
  region size 1024K, 86 young (88064K), 4 survivors (4096K)
 Metaspace       used 106213K, committed 107008K, reserved 1179648K
  class space    used 14650K, committed 15040K, reserved 1048576K
}
Event: 18.301 GC heap after
{Heap after GC invocations=40 (full 0):
 garbage-first heap   total 239616K, used 113461K [0x0000000080000000, 0x0000000100000000)
  region size 1024K, 7 young (7168K), 7 survivors (7168K)
 Metaspace       used 106213K, committed 107008K, reserved 1179648K
  class space    used 14650K, committed 15040K, reserved 1048576K
}
Event: 18.319 GC heap before
{Heap before GC invocations=40 (full 0):
 garbage-first heap   total 239616K, used 116533K [0x0000000080000000, 0x0000000100000000)
  region size 1024K, 11 young (11264K), 7 survivors (7168K)
 Metaspace       used 106217K, committed 107008K, reserved 1179648K
  class space    used 14650K, committed 15040K, reserved 1048576K
}
Event: 18.327 GC heap after
{Heap after GC invocations=41 (full 0):
 garbage-first heap   total 239616K, used 112580K [0x0000000080000000, 0x0000000100000000)
  region size 1024K, 2 young (2048K), 2 survivors (2048K)
 Metaspace       used 106217K, committed 107008K, reserved 1179648K
  class space    used 14650K, committed 15040K, reserved 1048576K
}
Event: 18.946 GC heap before
{Heap before GC invocations=41 (full 0):
 garbage-first heap   total 239616K, used 194500K [0x0000000080000000, 0x0000000100000000)
  region size 1024K, 83 young (84992K), 2 survivors (2048K)
 Metaspace       used 107014K, committed 107840K, reserved 1179648K
  class space    used 14775K, committed 15168K, reserved 1048576K
}
Event: 18.953 GC heap after
{Heap after GC invocations=42 (full 0):
 garbage-first heap   total 287744K, used 116415K [0x0000000080000000, 0x0000000100000000)
  region size 1024K, 6 young (6144K), 6 survivors (6144K)
 Metaspace       used 107014K, committed 107840K, reserved 1179648K
  class space    used 14775K, committed 15168K, reserved 1048576K
}
Event: 19.961 GC heap before
{Heap before GC invocations=42 (full 0):
 garbage-first heap   total 287744K, used 247487K [0x0000000080000000, 0x0000000100000000)
  region size 1024K, 120 young (122880K), 6 survivors (6144K)
 Metaspace       used 110639K, committed 111488K, reserved 1179648K
  class space    used 15280K, committed 15680K, reserved 1048576K
}
Event: 19.970 GC heap after
{Heap after GC invocations=43 (full 0):
 garbage-first heap   total 287744K, used 141733K [0x0000000080000000, 0x0000000100000000)
  region size 1024K, 15 young (15360K), 15 survivors (15360K)
 Metaspace       used 110639K, committed 111488K, reserved 1179648K
  class space    used 15280K, committed 15680K, reserved 1048576K
}
Event: 20.061 GC heap before
{Heap before GC invocations=43 (full 0):
 garbage-first heap   total 287744K, used 196005K [0x0000000080000000, 0x0000000100000000)
  region size 1024K, 36 young (36864K), 15 survivors (15360K)
 Metaspace       used 111370K, committed 112192K, reserved 1179648K
  class space    used 15388K, committed 15808K, reserved 1048576K
}
Event: 20.072 GC heap after
{Heap after GC invocations=44 (full 0):
 garbage-first heap   total 287744K, used 166028K [0x0000000080000000, 0x0000000100000000)
  region size 1024K, 7 young (7168K), 7 survivors (7168K)
 Metaspace       used 111370K, committed 112192K, reserved 1179648K
  class space    used 15388K, committed 15808K, reserved 1048576K
}
Event: 20.639 GC heap before
{Heap before GC invocations=44 (full 0):
 garbage-first heap   total 287744K, used 238732K [0x0000000080000000, 0x0000000100000000)
  region size 1024K, 74 young (75776K), 7 survivors (7168K)
 Metaspace       used 111769K, committed 112640K, reserved 1179648K
  class space    used 15450K, committed 15872K, reserved 1048576K
}
Event: 20.670 GC heap after
{Heap after GC invocations=45 (full 0):
 garbage-first heap   total 287744K, used 191066K [0x0000000080000000, 0x0000000100000000)
  region size 1024K, 10 young (10240K), 10 survivors (10240K)
 Metaspace       used 111769K, committed 112640K, reserved 1179648K
  class space    used 15450K, committed 15872K, reserved 1048576K
}
Event: 21.101 GC heap before
{Heap before GC invocations=45 (full 0):
 garbage-first heap   total 287744K, used 229978K [0x0000000080000000, 0x0000000100000000)
  region size 1024K, 49 young (50176K), 10 survivors (10240K)
 Metaspace       used 114326K, committed 115136K, reserved 1179648K
  class space    used 16009K, committed 16384K, reserved 1048576K
}
Event: 21.127 GC heap after
{Heap after GC invocations=46 (full 0):
 garbage-first heap   total 287744K, used 203757K [0x0000000080000000, 0x0000000100000000)
  region size 1024K, 7 young (7168K), 7 survivors (7168K)
 Metaspace       used 114326K, committed 115136K, reserved 1179648K
  class space    used 16009K, committed 16384K, reserved 1048576K
}
Event: 21.314 GC heap before
{Heap before GC invocations=46 (full 0):
 garbage-first heap   total 287744K, used 233453K [0x0000000080000000, 0x0000000100000000)
  region size 1024K, 36 young (36864K), 7 survivors (7168K)
 Metaspace       used 114452K, committed 115264K, reserved 1179648K
  class space    used 16010K, committed 16384K, reserved 1048576K
}
Event: 21.338 GC heap after
{Heap after GC invocations=47 (full 0):
 garbage-first heap   total 287744K, used 219477K [0x0000000080000000, 0x0000000100000000)
  region size 1024K, 5 young (5120K), 5 survivors (5120K)
 Metaspace       used 114452K, committed 115264K, reserved 1179648K
  class space    used 16010K, committed 16384K, reserved 1048576K
}
Event: 21.509 GC heap before
{Heap before GC invocations=47 (full 0):
 garbage-first heap   total 382976K, used 237909K [0x0000000080000000, 0x0000000100000000)
  region size 1024K, 23 young (23552K), 5 survivors (5120K)
 Metaspace       used 114477K, committed 115264K, reserved 1179648K
  class space    used 16011K, committed 16384K, reserved 1048576K
}

