# JRE version: OpenJDK Runtime Environment (17.0.10) (build 17.0.10+0--11572160)
# Java VM: OpenJDK 64-Bit Server VM (17.0.10+0--11572160, mixed mode, tiered, compressed oops, compressed class ptrs, g1 gc, windows-amd64)
GC Precious Log:
 CPUs: 8 total, 8 available
 Memory: 8089M
 Large Page Support: Disabled
 NUMA Support: Disabled
 Compressed Oops: Enabled (32-bit)
 Heap Region Size: 1M
 Heap Min Capacity: 8M
 Heap Initial Capacity: 128M
 Heap Max Capacity: 2024M
 Pre-touch: Disabled
 Parallel Workers: 8
 Concurrent Workers: 2
 Concurrent Refinement Workers: 8
 Periodic GC: Disabled
Heap:
 garbage-first heap   total 96256K, used 71301K [0x0000000081800000, 0x0000000100000000)
  region size 1024K, 23 young (23552K), 3 survivors (3072K)
 Metaspace       used 68333K, committed 68544K, reserved 1114112K
  class space    used 7916K, committed 8000K, reserved 1048576K
GC Heap History (20 events):
Event: 3.696 GC heap before
{Heap before GC invocations=14 (full 0):
 garbage-first heap   total 55296K, used 40735K [0x0000000081800000, 0x0000000100000000)
  region size 1024K, 17 young (17408K), 1 survivors (1024K)
 Metaspace       used 44841K, committed 45056K, reserved 1114112K
  class space    used 5398K, committed 5504K, reserved 1048576K
}
Event: 3.703 GC heap after
{Heap after GC invocations=15 (full 0):
 garbage-first heap   total 70656K, used 27612K [0x0000000081800000, 0x0000000100000000)
  region size 1024K, 3 young (3072K), 3 survivors (3072K)
 Metaspace       used 44841K, committed 45056K, reserved 1114112K
  class space    used 5398K, committed 5504K, reserved 1048576K
}
Event: 4.115 GC heap before
{Heap before GC invocations=15 (full 0):
 garbage-first heap   total 70656K, used 45020K [0x0000000081800000, 0x0000000100000000)
  region size 1024K, 22 young (22528K), 3 survivors (3072K)
 Metaspace       used 47593K, committed 47808K, reserved 1114112K
  class space    used 5695K, committed 5824K, reserved 1048576K
}
Event: 4.130 GC heap after
{Heap after GC invocations=16 (full 0):
 garbage-first heap   total 70656K, used 30888K [0x0000000081800000, 0x0000000100000000)
  region size 1024K, 4 young (4096K), 4 survivors (4096K)
 Metaspace       used 47593K, committed 47808K, reserved 1114112K
  class space    used 5695K, committed 5824K, reserved 1048576K
}
Event: 4.678 GC heap before
{Heap before GC invocations=17 (full 0):
 garbage-first heap   total 70656K, used 51368K [0x0000000081800000, 0x0000000100000000)
  region size 1024K, 24 young (24576K), 4 survivors (4096K)
 Metaspace       used 50236K, committed 50432K, reserved 1114112K
  class space    used 6005K, committed 6080K, reserved 1048576K
}
Event: 4.690 GC heap after
{Heap after GC invocations=18 (full 0):
 garbage-first heap   total 70656K, used 33937K [0x0000000081800000, 0x0000000100000000)
  region size 1024K, 3 young (3072K), 3 survivors (3072K)
 Metaspace       used 50236K, committed 50432K, reserved 1114112K
  class space    used 6005K, committed 6080K, reserved 1048576K
}
Event: 5.202 GC heap before
{Heap before GC invocations=18 (full 0):
 garbage-first heap   total 70656K, used 53393K [0x0000000081800000, 0x0000000100000000)
  region size 1024K, 22 young (22528K), 3 survivors (3072K)
 Metaspace       used 50725K, committed 50880K, reserved 1114112K
  class space    used 6013K, committed 6080K, reserved 1048576K
}
Event: 5.222 GC heap after
{Heap after GC invocations=19 (full 0):
 garbage-first heap   total 70656K, used 37417K [0x0000000081800000, 0x0000000100000000)
  region size 1024K, 3 young (3072K), 3 survivors (3072K)
 Metaspace       used 50725K, committed 50880K, reserved 1114112K
  class space    used 6013K, committed 6080K, reserved 1048576K
}
Event: 5.570 GC heap before
{Heap before GC invocations=19 (full 0):
 garbage-first heap   total 70656K, used 54825K [0x0000000081800000, 0x0000000100000000)
  region size 1024K, 20 young (20480K), 3 survivors (3072K)
 Metaspace       used 51192K, committed 51392K, reserved 1114112K
  class space    used 6049K, committed 6144K, reserved 1048576K
}
Event: 5.585 GC heap after
{Heap after GC invocations=20 (full 0):
 garbage-first heap   total 70656K, used 40698K [0x0000000081800000, 0x0000000100000000)
  region size 1024K, 3 young (3072K), 3 survivors (3072K)
 Metaspace       used 51192K, committed 51392K, reserved 1114112K
  class space    used 6049K, committed 6144K, reserved 1048576K
}
Event: 5.902 GC heap before
{Heap before GC invocations=21 (full 0):
 garbage-first heap   total 73728K, used 51962K [0x0000000081800000, 0x0000000100000000)
  region size 1024K, 16 young (16384K), 3 survivors (3072K)
 Metaspace       used 53696K, committed 53888K, reserved 1114112K
  class space    used 6447K, committed 6528K, reserved 1048576K
}
Event: 5.914 GC heap after
{Heap after GC invocations=22 (full 0):
 garbage-first heap   total 73728K, used 40757K [0x0000000081800000, 0x0000000100000000)
  region size 1024K, 2 young (2048K), 2 survivors (2048K)
 Metaspace       used 53696K, committed 53888K, reserved 1114112K
  class space    used 6447K, committed 6528K, reserved 1048576K
}
Event: 5.916 GC heap before
{Heap before GC invocations=22 (full 0):
 garbage-first heap   total 73728K, used 41781K [0x0000000081800000, 0x0000000100000000)
  region size 1024K, 3 young (3072K), 2 survivors (2048K)
 Metaspace       used 53698K, committed 53888K, reserved 1114112K
  class space    used 6447K, committed 6528K, reserved 1048576K
}
Event: 5.921 GC heap after
{Heap after GC invocations=23 (full 0):
 garbage-first heap   total 96256K, used 41370K [0x0000000081800000, 0x0000000100000000)
  region size 1024K, 1 young (1024K), 1 survivors (1024K)
 Metaspace       used 53698K, committed 53888K, reserved 1114112K
  class space    used 6447K, committed 6528K, reserved 1048576K
}
Event: 6.705 GC heap before
{Heap before GC invocations=23 (full 0):
 garbage-first heap   total 96256K, used 73114K [0x0000000081800000, 0x0000000100000000)
  region size 1024K, 32 young (32768K), 1 survivors (1024K)
 Metaspace       used 56568K, committed 56832K, reserved 1114112K
  class space    used 6769K, committed 6848K, reserved 1048576K
}
Event: 6.716 GC heap after
{Heap after GC invocations=24 (full 0):
 garbage-first heap   total 96256K, used 46062K [0x0000000081800000, 0x0000000100000000)
  region size 1024K, 4 young (4096K), 4 survivors (4096K)
 Metaspace       used 56568K, committed 56832K, reserved 1114112K
  class space    used 6769K, committed 6848K, reserved 1048576K
}
Event: 7.398 GC heap before
{Heap before GC invocations=24 (full 0):
 garbage-first heap   total 96256K, used 74734K [0x0000000081800000, 0x0000000100000000)
  region size 1024K, 32 young (32768K), 4 survivors (4096K)
 Metaspace       used 60220K, committed 60480K, reserved 1114112K
  class space    used 7112K, committed 7232K, reserved 1048576K
}
Event: 7.412 GC heap after
{Heap after GC invocations=25 (full 0):
 garbage-first heap   total 96256K, used 49799K [0x0000000081800000, 0x0000000100000000)
  region size 1024K, 4 young (4096K), 4 survivors (4096K)
 Metaspace       used 60220K, committed 60480K, reserved 1114112K
  class space    used 7112K, committed 7232K, reserved 1048576K
}
Event: 7.968 GC heap before
{Heap before GC invocations=25 (full 0):
 garbage-first heap   total 96256K, used 74375K [0x0000000081800000, 0x0000000100000000)
  region size 1024K, 29 young (29696K), 4 survivors (4096K)
 Metaspace       used 64150K, committed 64384K, reserved 1114112K
  class space    used 7500K, committed 7616K, reserved 1048576K
}
Event: 7.982 GC heap after
{Heap after GC invocations=26 (full 0):
 garbage-first heap   total 96256K, used 52869K [0x0000000081800000, 0x0000000100000000)
  region size 1024K, 3 young (3072K), 3 survivors (3072K)
 Metaspace       used 64150K, committed 64384K, reserved 1114112K
  class space    used 7500K, committed 7616K, reserved 1048576K
}

