# JRE version: OpenJDK Runtime Environment (17.0.10) (build 17.0.10+0--11572160)
# Java VM: OpenJDK 64-Bit Server VM (17.0.10+0--11572160, mixed mode, tiered, compressed oops, compressed class ptrs, g1 gc, windows-amd64)
GC Precious Log:
 CPUs: 8 total, 8 available
 Memory: 8089M
 Large Page Support: Disabled
 NUMA Support: Disabled
 Compressed Oops: Enabled (32-bit)
 Heap Region Size: 1M
 Heap Min Capacity: 8M
 Heap Initial Capacity: 128M
 Heap Max Capacity: 2G
 Pre-touch: Disabled
 Parallel Workers: 8
 Concurrent Workers: 2
 Concurrent Refinement Workers: 8
 Periodic GC: Disabled
Heap:
 garbage-first heap   total 376832K, used 286143K [0x0000000080000000, 0x0000000100000000)
  region size 1024K, 3 young (3072K), 3 survivors (3072K)
 Metaspace       used 175025K, committed 176704K, reserved 1245184K
  class space    used 23252K, committed 24064K, reserved 1048576K
GC Heap History (20 events):
Event: 12843.416 GC heap after
{Heap after GC invocations=78 (full 1):
 garbage-first heap   total 376832K, used 188984K [0x0000000080000000, 0x0000000100000000)
  region size 1024K, 3 young (3072K), 3 survivors (3072K)
 Metaspace       used 171576K, committed 173312K, reserved 1245184K
  class space    used 22959K, committed 23808K, reserved 1048576K
}
Event: 12844.286 GC heap before
{Heap before GC invocations=78 (full 1):
 garbage-first heap   total 376832K, used 288312K [0x0000000080000000, 0x0000000100000000)
  region size 1024K, 101 young (103424K), 3 survivors (3072K)
 Metaspace       used 172144K, committed 173888K, reserved 1245184K
  class space    used 23031K, committed 23872K, reserved 1048576K
}
Event: 12844.303 GC heap after
{Heap after GC invocations=79 (full 1):
 garbage-first heap   total 376832K, used 206628K [0x0000000080000000, 0x0000000100000000)
  region size 1024K, 13 young (13312K), 13 survivors (13312K)
 Metaspace       used 172144K, committed 173888K, reserved 1245184K
  class space    used 23031K, committed 23872K, reserved 1048576K
}
Event: 12845.379 GC heap before
{Heap before GC invocations=79 (full 1):
 garbage-first heap   total 376832K, used 296740K [0x0000000080000000, 0x0000000100000000)
  region size 1024K, 93 young (95232K), 13 survivors (13312K)
 Metaspace       used 172345K, committed 174016K, reserved 1245184K
  class space    used 23031K, committed 23872K, reserved 1048576K
}
Event: 12845.406 GC heap after
{Heap after GC invocations=80 (full 1):
 garbage-first heap   total 376832K, used 248738K [0x0000000080000000, 0x0000000100000000)
  region size 1024K, 12 young (12288K), 12 survivors (12288K)
 Metaspace       used 172345K, committed 174016K, reserved 1245184K
  class space    used 23031K, committed 23872K, reserved 1048576K
}
Event: 12845.915 GC heap before
{Heap before GC invocations=80 (full 1):
 garbage-first heap   total 376832K, used 300962K [0x0000000080000000, 0x0000000100000000)
  region size 1024K, 55 young (56320K), 12 survivors (12288K)
 Metaspace       used 172423K, committed 174144K, reserved 1245184K
  class space    used 23033K, committed 23872K, reserved 1048576K
}
Event: 12845.931 GC heap after
{Heap after GC invocations=81 (full 1):
 garbage-first heap   total 376832K, used 257164K [0x0000000080000000, 0x0000000100000000)
  region size 1024K, 7 young (7168K), 7 survivors (7168K)
 Metaspace       used 172423K, committed 174144K, reserved 1245184K
  class space    used 23033K, committed 23872K, reserved 1048576K
}
Event: 12846.319 GC heap before
{Heap before GC invocations=81 (full 1):
 garbage-first heap   total 376832K, used 299148K [0x0000000080000000, 0x0000000100000000)
  region size 1024K, 48 young (49152K), 7 survivors (7168K)
 Metaspace       used 172514K, committed 174272K, reserved 1245184K
  class space    used 23036K, committed 23872K, reserved 1048576K
}
Event: 12846.333 GC heap after
{Heap after GC invocations=82 (full 1):
 garbage-first heap   total 376832K, used 264164K [0x0000000080000000, 0x0000000100000000)
  region size 1024K, 6 young (6144K), 6 survivors (6144K)
 Metaspace       used 172514K, committed 174272K, reserved 1245184K
  class space    used 23036K, committed 23872K, reserved 1048576K
}
Event: 12846.633 GC heap before
{Heap before GC invocations=82 (full 1):
 garbage-first heap   total 376832K, used 332772K [0x0000000080000000, 0x0000000100000000)
  region size 1024K, 44 young (45056K), 6 survivors (6144K)
 Metaspace       used 172579K, committed 174336K, reserved 1245184K
  class space    used 23040K, committed 23872K, reserved 1048576K
}
Event: 12846.641 GC heap after
{Heap after GC invocations=83 (full 1):
 garbage-first heap   total 376832K, used 267598K [0x0000000080000000, 0x0000000100000000)
  region size 1024K, 3 young (3072K), 3 survivors (3072K)
 Metaspace       used 172579K, committed 174336K, reserved 1245184K
  class space    used 23040K, committed 23872K, reserved 1048576K
}
Event: 12846.713 GC heap before
{Heap before GC invocations=83 (full 1):
 garbage-first heap   total 376832K, used 307534K [0x0000000080000000, 0x0000000100000000)
  region size 1024K, 43 young (44032K), 3 survivors (3072K)
 Metaspace       used 173025K, committed 174720K, reserved 1245184K
  class space    used 23080K, committed 23872K, reserved 1048576K
}
Event: 12846.721 GC heap after
{Heap after GC invocations=84 (full 1):
 garbage-first heap   total 376832K, used 276189K [0x0000000080000000, 0x0000000100000000)
  region size 1024K, 6 young (6144K), 6 survivors (6144K)
 Metaspace       used 173025K, committed 174720K, reserved 1245184K
  class space    used 23080K, committed 23872K, reserved 1048576K
}
Event: 12846.924 GC heap before
{Heap before GC invocations=84 (full 1):
 garbage-first heap   total 376832K, used 309981K [0x0000000080000000, 0x0000000100000000)
  region size 1024K, 40 young (40960K), 6 survivors (6144K)
 Metaspace       used 174345K, committed 176064K, reserved 1245184K
  class space    used 23198K, committed 24000K, reserved 1048576K
}
Event: 12846.930 GC heap after
{Heap after GC invocations=85 (full 1):
 garbage-first heap   total 376832K, used 281828K [0x0000000080000000, 0x0000000100000000)
  region size 1024K, 5 young (5120K), 5 survivors (5120K)
 Metaspace       used 174345K, committed 176064K, reserved 1245184K
  class space    used 23198K, committed 24000K, reserved 1048576K
}
Event: 12847.085 GC heap before
{Heap before GC invocations=85 (full 1):
 garbage-first heap   total 376832K, used 313572K [0x0000000080000000, 0x0000000100000000)
  region size 1024K, 36 young (36864K), 5 survivors (5120K)
 Metaspace       used 174954K, committed 176640K, reserved 1245184K
  class space    used 23248K, committed 24064K, reserved 1048576K
}
Event: 12847.089 GC heap after
{Heap after GC invocations=86 (full 1):
 garbage-first heap   total 376832K, used 284006K [0x0000000080000000, 0x0000000100000000)
  region size 1024K, 2 young (2048K), 2 survivors (2048K)
 Metaspace       used 174954K, committed 176640K, reserved 1245184K
  class space    used 23248K, committed 24064K, reserved 1048576K
}
Event: 12847.198 GC heap before
{Heap before GC invocations=86 (full 1):
 garbage-first heap   total 376832K, used 316774K [0x0000000080000000, 0x0000000100000000)
  region size 1024K, 34 young (34816K), 2 survivors (2048K)
 Metaspace       used 174986K, committed 176704K, reserved 1245184K
  class space    used 23248K, committed 24064K, reserved 1048576K
}
Event: 12847.202 GC heap after
{Heap after GC invocations=87 (full 1):
 garbage-first heap   total 376832K, used 286023K [0x0000000080000000, 0x0000000100000000)
  region size 1024K, 4 young (4096K), 4 survivors (4096K)
 Metaspace       used 174986K, committed 176704K, reserved 1245184K
  class space    used 23248K, committed 24064K, reserved 1048576K
}
Event: 12847.293 GC heap before
{Heap before GC invocations=87 (full 1):
 garbage-first heap   total 376832K, used 318791K [0x0000000080000000, 0x0000000100000000)
  region size 1024K, 36 young (36864K), 4 survivors (4096K)
 Metaspace       used 175025K, committed 176704K, reserved 1245184K
  class space    used 23252K, committed 24064K, reserved 1048576K
}

