# JRE version: OpenJDK Runtime Environment (17.0.10) (build 17.0.10+0--11572160)
# Java VM: OpenJDK 64-Bit Server VM (17.0.10+0--11572160, mixed mode, tiered, compressed oops, compressed class ptrs, g1 gc, windows-amd64)
GC Precious Log:
 CPUs: 8 total, 8 available
 Memory: 8089M
 Large Page Support: Disabled
 NUMA Support: Disabled
 Compressed Oops: Enabled (32-bit)
 Heap Region Size: 1M
 Heap Min Capacity: 8M
 Heap Initial Capacity: 128M
 Heap Max Capacity: 2G
 Pre-touch: Disabled
 Parallel Workers: 8
 Concurrent Workers: 2
 Concurrent Refinement Workers: 8
 Periodic GC: Disabled
Heap:
 garbage-first heap   total 293888K, used 156714K [0x0000000080000000, 0x0000000100000000)
  region size 1024K, 5 young (5120K), 5 survivors (5120K)
 Metaspace       used 156975K, committed 157760K, reserved 1245184K
  class space    used 20684K, committed 21056K, reserved 1048576K
GC Heap History (20 events):
Event: 14.314 GC heap after
{Heap after GC invocations=40 (full 0):
 garbage-first heap   total 244736K, used 134400K [0x0000000080000000, 0x0000000100000000)
  region size 1024K, 8 young (8192K), 8 survivors (8192K)
 Metaspace       used 132096K, committed 132800K, reserved 1179648K
  class space    used 17285K, committed 17600K, reserved 1048576K
}
Event: 14.392 GC heap before
{Heap before GC invocations=40 (full 0):
 garbage-first heap   total 244736K, used 137472K [0x0000000080000000, 0x0000000100000000)
  region size 1024K, 11 young (11264K), 8 survivors (8192K)
 Metaspace       used 133155K, committed 133888K, reserved 1179648K
  class space    used 17411K, committed 17728K, reserved 1048576K
}
Event: 14.398 GC heap after
{Heap after GC invocations=41 (full 0):
 garbage-first heap   total 244736K, used 130979K [0x0000000080000000, 0x0000000100000000)
  region size 1024K, 2 young (2048K), 2 survivors (2048K)
 Metaspace       used 133155K, committed 133888K, reserved 1179648K
  class space    used 17411K, committed 17728K, reserved 1048576K
}
Event: 15.236 GC heap before
{Heap before GC invocations=41 (full 0):
 garbage-first heap   total 244736K, used 205731K [0x0000000080000000, 0x0000000100000000)
  region size 1024K, 71 young (72704K), 2 survivors (2048K)
 Metaspace       used 137654K, committed 138368K, reserved 1179648K
  class space    used 18021K, committed 18368K, reserved 1048576K
}
Event: 15.241 GC heap after
{Heap after GC invocations=42 (full 0):
 garbage-first heap   total 244736K, used 140611K [0x0000000080000000, 0x0000000100000000)
  region size 1024K, 7 young (7168K), 7 survivors (7168K)
 Metaspace       used 137654K, committed 138368K, reserved 1179648K
  class space    used 18021K, committed 18368K, reserved 1048576K
}
Event: 15.570 GC heap before
{Heap before GC invocations=42 (full 0):
 garbage-first heap   total 244736K, used 194883K [0x0000000080000000, 0x0000000100000000)
  region size 1024K, 62 young (63488K), 7 survivors (7168K)
 Metaspace       used 137943K, committed 138624K, reserved 1179648K
  class space    used 18040K, committed 18368K, reserved 1048576K
}
Event: 15.580 GC heap after
{Heap after GC invocations=43 (full 0):
 garbage-first heap   total 244736K, used 147110K [0x0000000080000000, 0x0000000100000000)
  region size 1024K, 9 young (9216K), 9 survivors (9216K)
 Metaspace       used 137943K, committed 138624K, reserved 1179648K
  class space    used 18040K, committed 18368K, reserved 1048576K
}
Event: 15.886 GC heap before
{Heap before GC invocations=44 (full 0):
 garbage-first heap   total 293888K, used 203430K [0x0000000080000000, 0x0000000100000000)
  region size 1024K, 63 young (64512K), 9 survivors (9216K)
 Metaspace       used 138152K, committed 138816K, reserved 1179648K
  class space    used 18047K, committed 18368K, reserved 1048576K
}
Event: 15.895 GC heap after
{Heap after GC invocations=45 (full 0):
 garbage-first heap   total 293888K, used 152433K [0x0000000080000000, 0x0000000100000000)
  region size 1024K, 6 young (6144K), 6 survivors (6144K)
 Metaspace       used 138152K, committed 138816K, reserved 1179648K
  class space    used 18047K, committed 18368K, reserved 1048576K
}
Event: 15.912 GC heap before
{Heap before GC invocations=45 (full 0):
 garbage-first heap   total 293888K, used 160625K [0x0000000080000000, 0x0000000100000000)
  region size 1024K, 14 young (14336K), 6 survivors (6144K)
 Metaspace       used 138180K, committed 138880K, reserved 1179648K
  class space    used 18047K, committed 18368K, reserved 1048576K
}
Event: 15.917 GC heap after
{Heap after GC invocations=46 (full 0):
 garbage-first heap   total 293888K, used 149593K [0x0000000080000000, 0x0000000100000000)
  region size 1024K, 1 young (1024K), 1 survivors (1024K)
 Metaspace       used 138180K, committed 138880K, reserved 1179648K
  class space    used 18047K, committed 18368K, reserved 1048576K
}
Event: 17.623 GC heap before
{Heap before GC invocations=46 (full 0):
 garbage-first heap   total 293888K, used 233561K [0x0000000080000000, 0x0000000100000000)
  region size 1024K, 83 young (84992K), 1 survivors (1024K)
 Metaspace       used 143080K, committed 143808K, reserved 1179648K
  class space    used 18416K, committed 18752K, reserved 1048576K
}
Event: 17.631 GC heap after
{Heap after GC invocations=47 (full 0):
 garbage-first heap   total 293888K, used 157311K [0x0000000080000000, 0x0000000100000000)
  region size 1024K, 9 young (9216K), 9 survivors (9216K)
 Metaspace       used 143080K, committed 143808K, reserved 1179648K
  class space    used 18416K, committed 18752K, reserved 1048576K
}
Event: 17.958 GC heap before
{Heap before GC invocations=47 (full 0):
 garbage-first heap   total 293888K, used 183935K [0x0000000080000000, 0x0000000100000000)
  region size 1024K, 36 young (36864K), 9 survivors (9216K)
 Metaspace       used 144925K, committed 145664K, reserved 1179648K
  class space    used 18683K, committed 19008K, reserved 1048576K
}
Event: 17.965 GC heap after
{Heap after GC invocations=48 (full 0):
 garbage-first heap   total 293888K, used 159673K [0x0000000080000000, 0x0000000100000000)
  region size 1024K, 3 young (3072K), 3 survivors (3072K)
 Metaspace       used 144925K, committed 145664K, reserved 1179648K
  class space    used 18683K, committed 19008K, reserved 1048576K
}
Event: 19.049 GC heap before
{Heap before GC invocations=49 (full 0):
 garbage-first heap   total 293888K, used 240569K [0x0000000080000000, 0x0000000100000000)
  region size 1024K, 81 young (82944K), 3 survivors (3072K)
 Metaspace       used 150443K, committed 151232K, reserved 1245184K
  class space    used 19683K, committed 20032K, reserved 1048576K
}
Event: 19.054 GC heap after
{Heap after GC invocations=50 (full 0):
 garbage-first heap   total 293888K, used 161245K [0x0000000080000000, 0x0000000100000000)
  region size 1024K, 4 young (4096K), 4 survivors (4096K)
 Metaspace       used 150443K, committed 151232K, reserved 1245184K
  class space    used 19683K, committed 20032K, reserved 1048576K
}
Event: 19.190 GC heap before
{Heap before GC invocations=50 (full 0):
 garbage-first heap   total 293888K, used 170461K [0x0000000080000000, 0x0000000100000000)
  region size 1024K, 14 young (14336K), 4 survivors (4096K)
 Metaspace       used 151120K, committed 151936K, reserved 1245184K
  class space    used 19778K, committed 20160K, reserved 1048576K
}
Event: 19.196 GC heap after
{Heap after GC invocations=51 (full 0):
 garbage-first heap   total 293888K, used 159507K [0x0000000080000000, 0x0000000100000000)
  region size 1024K, 1 young (1024K), 1 survivors (1024K)
 Metaspace       used 151120K, committed 151936K, reserved 1245184K
  class space    used 19778K, committed 20160K, reserved 1048576K
}
Event: 20.308 GC heap before
{Heap before GC invocations=51 (full 0):
 garbage-first heap   total 293888K, used 242451K [0x0000000080000000, 0x0000000100000000)
  region size 1024K, 82 young (83968K), 1 survivors (1024K)
 Metaspace       used 156975K, committed 157760K, reserved 1245184K
  class space    used 20684K, committed 21056K, reserved 1048576K
}

